

================================================================
== Vivado HLS Report for 'readFromBMP'
================================================================
* Date:           Tue Nov 19 20:39:21 2019

* Version:        2019.1 (Build 2552052 on Fri May 24 15:28:33 MDT 2019)
* Project:        jpeg2
* Solution:       solution1
* Product family: zynq
* Target device:  xc7z020-clg400-1


================================================================
== Performance Estimates
================================================================
+ Timing (ns): 
    * Summary: 
    +--------+-------+----------+------------+
    |  Clock | Target| Estimated| Uncertainty|
    +--------+-------+----------+------------+
    |ap_clk  |   5.00|     3.254|        0.63|
    +--------+-------+----------+------------+

+ Latency (clock cycles): 
    * Summary: 
    +------+------+------+------+---------+
    |   Latency   |   Interval  | Pipeline|
    |  min |  max |  min |  max |   Type  |
    +------+------+------+------+---------+
    |  8321|  8321|  8321|  8321|   none  |
    +------+------+------+------+---------+

    + Detail: 
        * Instance: 
        N/A

        * Loop: 
        +----------+------+------+----------+-----------+-----------+------+----------+
        |          |   Latency   | Iteration|  Initiation Interval  | Trip |          |
        | Loop Name|  min |  max |  Latency |  achieved |   target  | Count| Pipelined|
        +----------+------+------+----------+-----------+-----------+------+----------+
        |- RB      |  8320|  8320|        13|          -|          -|   640|    no    |
        +----------+------+------+----------+-----------+-----------+------+----------+

============================================================
+ Verbose Summary: Synthesis Manager
============================================================
InlineROM: 1
ExposeGlobal: 0
============================================================
+ Verbose Summary: CDFG Model
============================================================
IsTopModel: 0
ResetActiveHigh: 1
IsCombinational: 0
IsDatapathOnly: 0
HasWiredReturn: 1
HasMFsm: 0
HasVarLatency: 1
IsPipeline: 0
IsRtlPipelined: 0
IsInstanceOverlapped: 0
IsDontTouch: 0
HasImplIP: 0
IsGatedGlobalClock: 0


============================================================
+ Verbose Summary: Schedule
============================================================
* Number of FSM states : 14
* Pipeline : 0
* Dataflow Pipeline: 0

* FSM state transitions: 
1 --> 2 
2 --> 3 
3 --> 4 
4 --> 5 
5 --> 6 
6 --> 7 
7 --> 8 
8 --> 9 
9 --> 10 
10 --> 11 
11 --> 12 
12 --> 13 
13 --> 14 
14 --> 2 

* FSM state operations: 

State 1 <SV = 0> <Delay = 1.76>
ST_1 : Operation 15 [1/1] (0.00ns)   --->   "call void (...)* @_ssdm_op_SpecInterface(i24* %rgb_in_V_data_V, i3* %rgb_in_V_keep_V, i3* %rgb_in_V_strb_V, i1* %rgb_in_V_last_V, [5 x i8]* @p_str39, i32 0, i32 0, [1 x i8]* @p_str, i32 0, i32 0, [1 x i8]* @p_str, [1 x i8]* @p_str, [1 x i8]* @p_str, i32 0, i32 0, i32 0, i32 0, [1 x i8]* @p_str, [1 x i8]* @p_str) nounwind"   --->   Operation 15 'specinterface' <Predicate = true> <Delay = 0.00>
ST_1 : Operation 16 [1/1] (1.76ns)   --->   "br label %1" [../../../Users/fantwen/Desktop/jpeg_V2.cpp:163]   --->   Operation 16 'br' <Predicate = true> <Delay = 1.76>

State 2 <SV = 1> <Delay = 2.09>
ST_2 : Operation 17 [1/1] (0.00ns)   --->   "%i_0_0 = phi i13 [ 0, %0 ], [ %add_ln163, %_ZrsILi32ELb1EEN11ap_int_baseIXT_EXT0_EE5RTypeIXT_EXT0_EE4arg1ERKS1_i.exit.0 ]" [../../../Users/fantwen/Desktop/jpeg_V2.cpp:163]   --->   Operation 17 'phi' 'i_0_0' <Predicate = true> <Delay = 0.00>
ST_2 : Operation 18 [1/1] (0.00ns)   --->   "%i_0_0_cast8 = zext i13 %i_0_0 to i16" [../../../Users/fantwen/Desktop/jpeg_V2.cpp:163]   --->   Operation 18 'zext' 'i_0_0_cast8' <Predicate = true> <Delay = 0.00>
ST_2 : Operation 19 [1/1] (0.00ns)   --->   "call void (...)* @_ssdm_op_SpecLoopTripCount(i64 640, i64 640, i64 640)"   --->   Operation 19 'speclooptripcount' <Predicate = true> <Delay = 0.00>
ST_2 : Operation 20 [1/1] (2.09ns)   --->   "%icmp_ln163 = icmp eq i13 %i_0_0, -3072" [../../../Users/fantwen/Desktop/jpeg_V2.cpp:163]   --->   Operation 20 'icmp' 'icmp_ln163' <Predicate = true> <Delay = 2.09> <Core = "Cmp">   --->   Core 25 'Cmp' <Latency = 0> <II = 1> <Delay = 2.09> <FuncUnit> <Opcode : 'icmp'> <InPorts = 2> <OutPorts = 1>
ST_2 : Operation 21 [1/1] (0.00ns)   --->   "br i1 %icmp_ln163, label %2, label %_ZrsILi32ELb1EEN11ap_int_baseIXT_EXT0_EE5RTypeIXT_EXT0_EE4arg1ERKS1_i.exit.0" [../../../Users/fantwen/Desktop/jpeg_V2.cpp:163]   --->   Operation 21 'br' <Predicate = true> <Delay = 0.00>
ST_2 : Operation 22 [1/1] (0.00ns)   --->   "%shl_ln = call i15 @_ssdm_op_BitConcatenate.i15.i13.i2(i13 %i_0_0, i2 0)" [../../../Users/fantwen/Desktop/jpeg_V2.cpp:166]   --->   Operation 22 'bitconcatenate' 'shl_ln' <Predicate = (!icmp_ln163)> <Delay = 0.00>
ST_2 : Operation 23 [1/1] (0.00ns)   --->   "%zext_ln166_8 = zext i15 %shl_ln to i16" [../../../Users/fantwen/Desktop/jpeg_V2.cpp:166]   --->   Operation 23 'zext' 'zext_ln166_8' <Predicate = (!icmp_ln163)> <Delay = 0.00>
ST_2 : Operation 24 [1/1] (1.94ns)   --->   "%sub_ln166 = sub i16 %zext_ln166_8, %i_0_0_cast8" [../../../Users/fantwen/Desktop/jpeg_V2.cpp:166]   --->   Operation 24 'sub' 'sub_ln166' <Predicate = (!icmp_ln163)> <Delay = 1.94> <Core = "AddSub">   --->   Core 14 'AddSub' <Latency = 0> <II = 1> <Delay = 1.67> <FuncUnit> <Opcode : 'add' 'sub'> <InPorts = 2> <OutPorts = 1>
ST_2 : Operation 25 [1/1] (0.00ns)   --->   "ret void" [../../../Users/fantwen/Desktop/jpeg_V2.cpp:171]   --->   Operation 25 'ret' <Predicate = (icmp_ln163)> <Delay = 0.00>

State 3 <SV = 2> <Delay = 3.25>
ST_3 : Operation 26 [1/1] (0.00ns)   --->   "%empty = call { i24, i3, i3, i1 } @_ssdm_op_Read.axis.volatile.i24P.i3P.i3P.i1P(i24* %rgb_in_V_data_V, i3* %rgb_in_V_keep_V, i3* %rgb_in_V_strb_V, i1* %rgb_in_V_last_V)" [../../../Users/fantwen/Desktop/jpeg_V2.cpp:165]   --->   Operation 26 'read' 'empty' <Predicate = true> <Delay = 0.00> <Core = "AXI4Stream">   --->   Core 5 'AXI4Stream' <Latency = 0> <II = 1> <Delay = 1.00> <Adapter> <Opcode : >
ST_3 : Operation 27 [1/1] (0.00ns)   --->   "%tmp_data_V = extractvalue { i24, i3, i3, i1 } %empty, 0" [../../../Users/fantwen/Desktop/jpeg_V2.cpp:165]   --->   Operation 27 'extractvalue' 'tmp_data_V' <Predicate = true> <Delay = 0.00>
ST_3 : Operation 28 [1/1] (0.00ns)   --->   "%trunc_ln = call i8 @_ssdm_op_PartSelect.i8.i24.i32.i32(i24 %tmp_data_V, i32 16, i32 23)" [../../../Users/fantwen/Desktop/jpeg_V2.cpp:166]   --->   Operation 28 'partselect' 'trunc_ln' <Predicate = true> <Delay = 0.00>
ST_3 : Operation 29 [1/1] (0.00ns)   --->   "%sext_ln166 = sext i16 %sub_ln166 to i32" [../../../Users/fantwen/Desktop/jpeg_V2.cpp:166]   --->   Operation 29 'sext' 'sext_ln166' <Predicate = true> <Delay = 0.00>
ST_3 : Operation 30 [1/1] (0.00ns)   --->   "%zext_ln166 = zext i32 %sext_ln166 to i64" [../../../Users/fantwen/Desktop/jpeg_V2.cpp:166]   --->   Operation 30 'zext' 'zext_ln166' <Predicate = true> <Delay = 0.00>
ST_3 : Operation 31 [1/1] (0.00ns)   --->   "%JpegEncoder_buffer_a = getelementptr [15360 x i8]* %JpegEncoder_buffer, i64 0, i64 %zext_ln166" [../../../Users/fantwen/Desktop/jpeg_V2.cpp:166]   --->   Operation 31 'getelementptr' 'JpegEncoder_buffer_a' <Predicate = true> <Delay = 0.00>
ST_3 : Operation 32 [1/1] (3.25ns)   --->   "store i8 %trunc_ln, i8* %JpegEncoder_buffer_a, align 1" [../../../Users/fantwen/Desktop/jpeg_V2.cpp:166]   --->   Operation 32 'store' <Predicate = true> <Delay = 3.25> <Core = "RAM">   --->   Core 37 'RAM' <Latency = 1> <II = 1> <Delay = 3.25> <Storage> <Opcode : 'load' 'store'> <Ports = 2> <Width = 8> <Depth = 15360> <RAM>
ST_3 : Operation 33 [1/1] (0.00ns)   --->   "%trunc_ln1503_1 = call i8 @_ssdm_op_PartSelect.i8.i24.i32.i32(i24 %tmp_data_V, i32 8, i32 15)" [../../../Users/fantwen/Desktop/jpeg_V2.cpp:167]   --->   Operation 33 'partselect' 'trunc_ln1503_1' <Predicate = true> <Delay = 0.00>
ST_3 : Operation 34 [1/1] (0.00ns)   --->   "%or_ln167 = or i32 %sext_ln166, 1" [../../../Users/fantwen/Desktop/jpeg_V2.cpp:167]   --->   Operation 34 'or' 'or_ln167' <Predicate = true> <Delay = 0.00>
ST_3 : Operation 35 [1/1] (0.00ns)   --->   "%zext_ln167 = zext i32 %or_ln167 to i64" [../../../Users/fantwen/Desktop/jpeg_V2.cpp:167]   --->   Operation 35 'zext' 'zext_ln167' <Predicate = true> <Delay = 0.00>
ST_3 : Operation 36 [1/1] (0.00ns)   --->   "%JpegEncoder_buffer_a_1 = getelementptr [15360 x i8]* %JpegEncoder_buffer, i64 0, i64 %zext_ln167" [../../../Users/fantwen/Desktop/jpeg_V2.cpp:167]   --->   Operation 36 'getelementptr' 'JpegEncoder_buffer_a_1' <Predicate = true> <Delay = 0.00>
ST_3 : Operation 37 [1/1] (3.25ns)   --->   "store i8 %trunc_ln1503_1, i8* %JpegEncoder_buffer_a_1, align 1" [../../../Users/fantwen/Desktop/jpeg_V2.cpp:167]   --->   Operation 37 'store' <Predicate = true> <Delay = 3.25> <Core = "RAM">   --->   Core 37 'RAM' <Latency = 1> <II = 1> <Delay = 3.25> <Storage> <Opcode : 'load' 'store'> <Ports = 2> <Width = 8> <Depth = 15360> <RAM>
ST_3 : Operation 38 [1/1] (0.00ns)   --->   "%trunc_ln168 = trunc i24 %tmp_data_V to i8" [../../../Users/fantwen/Desktop/jpeg_V2.cpp:168]   --->   Operation 38 'trunc' 'trunc_ln168' <Predicate = true> <Delay = 0.00>
ST_3 : Operation 39 [1/1] (0.00ns)   --->   "%or_ln163 = or i13 %i_0_0, 1" [../../../Users/fantwen/Desktop/jpeg_V2.cpp:163]   --->   Operation 39 'or' 'or_ln163' <Predicate = true> <Delay = 0.00>
ST_3 : Operation 40 [1/1] (0.00ns)   --->   "%zext_ln163 = zext i13 %or_ln163 to i16" [../../../Users/fantwen/Desktop/jpeg_V2.cpp:163]   --->   Operation 40 'zext' 'zext_ln163' <Predicate = true> <Delay = 0.00>
ST_3 : Operation 41 [1/1] (0.00ns)   --->   "%shl_ln166_1 = call i15 @_ssdm_op_BitConcatenate.i15.i13.i2(i13 %or_ln163, i2 0)" [../../../Users/fantwen/Desktop/jpeg_V2.cpp:166]   --->   Operation 41 'bitconcatenate' 'shl_ln166_1' <Predicate = true> <Delay = 0.00>
ST_3 : Operation 42 [1/1] (0.00ns)   --->   "%zext_ln166_9 = zext i15 %shl_ln166_1 to i16" [../../../Users/fantwen/Desktop/jpeg_V2.cpp:166]   --->   Operation 42 'zext' 'zext_ln166_9' <Predicate = true> <Delay = 0.00>
ST_3 : Operation 43 [1/1] (1.94ns)   --->   "%sub_ln166_1 = sub i16 %zext_ln166_9, %zext_ln163" [../../../Users/fantwen/Desktop/jpeg_V2.cpp:166]   --->   Operation 43 'sub' 'sub_ln166_1' <Predicate = true> <Delay = 1.94> <Core = "AddSub">   --->   Core 14 'AddSub' <Latency = 0> <II = 1> <Delay = 1.67> <FuncUnit> <Opcode : 'add' 'sub'> <InPorts = 2> <OutPorts = 1>

State 4 <SV = 3> <Delay = 3.25>
ST_4 : Operation 44 [1/1] (0.00ns)   --->   "%or_ln168 = or i16 %sub_ln166, 2" [../../../Users/fantwen/Desktop/jpeg_V2.cpp:168]   --->   Operation 44 'or' 'or_ln168' <Predicate = true> <Delay = 0.00>
ST_4 : Operation 45 [1/1] (0.00ns)   --->   "%sext_ln168 = sext i16 %or_ln168 to i32" [../../../Users/fantwen/Desktop/jpeg_V2.cpp:168]   --->   Operation 45 'sext' 'sext_ln168' <Predicate = true> <Delay = 0.00>
ST_4 : Operation 46 [1/1] (0.00ns)   --->   "%zext_ln168 = zext i32 %sext_ln168 to i64" [../../../Users/fantwen/Desktop/jpeg_V2.cpp:168]   --->   Operation 46 'zext' 'zext_ln168' <Predicate = true> <Delay = 0.00>
ST_4 : Operation 47 [1/1] (0.00ns)   --->   "%JpegEncoder_buffer_a_2 = getelementptr [15360 x i8]* %JpegEncoder_buffer, i64 0, i64 %zext_ln168" [../../../Users/fantwen/Desktop/jpeg_V2.cpp:168]   --->   Operation 47 'getelementptr' 'JpegEncoder_buffer_a_2' <Predicate = true> <Delay = 0.00>
ST_4 : Operation 48 [1/1] (3.25ns)   --->   "store i8 %trunc_ln168, i8* %JpegEncoder_buffer_a_2, align 1" [../../../Users/fantwen/Desktop/jpeg_V2.cpp:168]   --->   Operation 48 'store' <Predicate = true> <Delay = 3.25> <Core = "RAM">   --->   Core 37 'RAM' <Latency = 1> <II = 1> <Delay = 3.25> <Storage> <Opcode : 'load' 'store'> <Ports = 2> <Width = 8> <Depth = 15360> <RAM>
ST_4 : Operation 49 [1/1] (0.00ns)   --->   "%empty_27 = call { i24, i3, i3, i1 } @_ssdm_op_Read.axis.volatile.i24P.i3P.i3P.i1P(i24* %rgb_in_V_data_V, i3* %rgb_in_V_keep_V, i3* %rgb_in_V_strb_V, i1* %rgb_in_V_last_V)" [../../../Users/fantwen/Desktop/jpeg_V2.cpp:165]   --->   Operation 49 'read' 'empty_27' <Predicate = true> <Delay = 0.00> <Core = "AXI4Stream">   --->   Core 5 'AXI4Stream' <Latency = 0> <II = 1> <Delay = 1.00> <Adapter> <Opcode : >
ST_4 : Operation 50 [1/1] (0.00ns)   --->   "%tmp_data_V_1 = extractvalue { i24, i3, i3, i1 } %empty_27, 0" [../../../Users/fantwen/Desktop/jpeg_V2.cpp:165]   --->   Operation 50 'extractvalue' 'tmp_data_V_1' <Predicate = true> <Delay = 0.00>
ST_4 : Operation 51 [1/1] (0.00ns)   --->   "%trunc_ln1503_8 = call i8 @_ssdm_op_PartSelect.i8.i24.i32.i32(i24 %tmp_data_V_1, i32 16, i32 23)" [../../../Users/fantwen/Desktop/jpeg_V2.cpp:166]   --->   Operation 51 'partselect' 'trunc_ln1503_8' <Predicate = true> <Delay = 0.00>
ST_4 : Operation 52 [1/1] (0.00ns)   --->   "%sext_ln166_1 = sext i16 %sub_ln166_1 to i32" [../../../Users/fantwen/Desktop/jpeg_V2.cpp:166]   --->   Operation 52 'sext' 'sext_ln166_1' <Predicate = true> <Delay = 0.00>
ST_4 : Operation 53 [1/1] (0.00ns)   --->   "%zext_ln166_1 = zext i32 %sext_ln166_1 to i64" [../../../Users/fantwen/Desktop/jpeg_V2.cpp:166]   --->   Operation 53 'zext' 'zext_ln166_1' <Predicate = true> <Delay = 0.00>
ST_4 : Operation 54 [1/1] (0.00ns)   --->   "%JpegEncoder_buffer_a_3 = getelementptr [15360 x i8]* %JpegEncoder_buffer, i64 0, i64 %zext_ln166_1" [../../../Users/fantwen/Desktop/jpeg_V2.cpp:166]   --->   Operation 54 'getelementptr' 'JpegEncoder_buffer_a_3' <Predicate = true> <Delay = 0.00>
ST_4 : Operation 55 [1/1] (3.25ns)   --->   "store i8 %trunc_ln1503_8, i8* %JpegEncoder_buffer_a_3, align 1" [../../../Users/fantwen/Desktop/jpeg_V2.cpp:166]   --->   Operation 55 'store' <Predicate = true> <Delay = 3.25> <Core = "RAM">   --->   Core 37 'RAM' <Latency = 1> <II = 1> <Delay = 3.25> <Storage> <Opcode : 'load' 'store'> <Ports = 2> <Width = 8> <Depth = 15360> <RAM>
ST_4 : Operation 56 [1/1] (0.00ns)   --->   "%trunc_ln1503_9 = call i8 @_ssdm_op_PartSelect.i8.i24.i32.i32(i24 %tmp_data_V_1, i32 8, i32 15)" [../../../Users/fantwen/Desktop/jpeg_V2.cpp:167]   --->   Operation 56 'partselect' 'trunc_ln1503_9' <Predicate = true> <Delay = 0.00>
ST_4 : Operation 57 [1/1] (2.07ns)   --->   "%add_ln167 = add i16 1, %sub_ln166_1" [../../../Users/fantwen/Desktop/jpeg_V2.cpp:167]   --->   Operation 57 'add' 'add_ln167' <Predicate = true> <Delay = 2.07> <Core = "AddSub">   --->   Core 14 'AddSub' <Latency = 0> <II = 1> <Delay = 1.67> <FuncUnit> <Opcode : 'add' 'sub'> <InPorts = 2> <OutPorts = 1>
ST_4 : Operation 58 [1/1] (0.00ns)   --->   "%trunc_ln168_1 = trunc i24 %tmp_data_V_1 to i8" [../../../Users/fantwen/Desktop/jpeg_V2.cpp:168]   --->   Operation 58 'trunc' 'trunc_ln168_1' <Predicate = true> <Delay = 0.00>
ST_4 : Operation 59 [1/1] (2.07ns)   --->   "%add_ln168 = add i16 2, %sub_ln166_1" [../../../Users/fantwen/Desktop/jpeg_V2.cpp:168]   --->   Operation 59 'add' 'add_ln168' <Predicate = true> <Delay = 2.07> <Core = "AddSub">   --->   Core 14 'AddSub' <Latency = 0> <II = 1> <Delay = 1.67> <FuncUnit> <Opcode : 'add' 'sub'> <InPorts = 2> <OutPorts = 1>

State 5 <SV = 4> <Delay = 3.25>
ST_5 : Operation 60 [1/1] (0.00ns)   --->   "%sext_ln167 = sext i16 %add_ln167 to i32" [../../../Users/fantwen/Desktop/jpeg_V2.cpp:167]   --->   Operation 60 'sext' 'sext_ln167' <Predicate = true> <Delay = 0.00>
ST_5 : Operation 61 [1/1] (0.00ns)   --->   "%zext_ln167_1 = zext i32 %sext_ln167 to i64" [../../../Users/fantwen/Desktop/jpeg_V2.cpp:167]   --->   Operation 61 'zext' 'zext_ln167_1' <Predicate = true> <Delay = 0.00>
ST_5 : Operation 62 [1/1] (0.00ns)   --->   "%JpegEncoder_buffer_a_4 = getelementptr [15360 x i8]* %JpegEncoder_buffer, i64 0, i64 %zext_ln167_1" [../../../Users/fantwen/Desktop/jpeg_V2.cpp:167]   --->   Operation 62 'getelementptr' 'JpegEncoder_buffer_a_4' <Predicate = true> <Delay = 0.00>
ST_5 : Operation 63 [1/1] (3.25ns)   --->   "store i8 %trunc_ln1503_9, i8* %JpegEncoder_buffer_a_4, align 1" [../../../Users/fantwen/Desktop/jpeg_V2.cpp:167]   --->   Operation 63 'store' <Predicate = true> <Delay = 3.25> <Core = "RAM">   --->   Core 37 'RAM' <Latency = 1> <II = 1> <Delay = 3.25> <Storage> <Opcode : 'load' 'store'> <Ports = 2> <Width = 8> <Depth = 15360> <RAM>
ST_5 : Operation 64 [1/1] (0.00ns)   --->   "%sext_ln168_1 = sext i16 %add_ln168 to i32" [../../../Users/fantwen/Desktop/jpeg_V2.cpp:168]   --->   Operation 64 'sext' 'sext_ln168_1' <Predicate = true> <Delay = 0.00>
ST_5 : Operation 65 [1/1] (0.00ns)   --->   "%zext_ln168_1 = zext i32 %sext_ln168_1 to i64" [../../../Users/fantwen/Desktop/jpeg_V2.cpp:168]   --->   Operation 65 'zext' 'zext_ln168_1' <Predicate = true> <Delay = 0.00>
ST_5 : Operation 66 [1/1] (0.00ns)   --->   "%JpegEncoder_buffer_a_5 = getelementptr [15360 x i8]* %JpegEncoder_buffer, i64 0, i64 %zext_ln168_1" [../../../Users/fantwen/Desktop/jpeg_V2.cpp:168]   --->   Operation 66 'getelementptr' 'JpegEncoder_buffer_a_5' <Predicate = true> <Delay = 0.00>
ST_5 : Operation 67 [1/1] (3.25ns)   --->   "store i8 %trunc_ln168_1, i8* %JpegEncoder_buffer_a_5, align 1" [../../../Users/fantwen/Desktop/jpeg_V2.cpp:168]   --->   Operation 67 'store' <Predicate = true> <Delay = 3.25> <Core = "RAM">   --->   Core 37 'RAM' <Latency = 1> <II = 1> <Delay = 3.25> <Storage> <Opcode : 'load' 'store'> <Ports = 2> <Width = 8> <Depth = 15360> <RAM>
ST_5 : Operation 68 [1/1] (0.00ns)   --->   "%or_ln163_1 = or i13 %i_0_0, 2" [../../../Users/fantwen/Desktop/jpeg_V2.cpp:163]   --->   Operation 68 'or' 'or_ln163_1' <Predicate = true> <Delay = 0.00>
ST_5 : Operation 69 [1/1] (0.00ns)   --->   "%zext_ln163_1 = zext i13 %or_ln163_1 to i16" [../../../Users/fantwen/Desktop/jpeg_V2.cpp:163]   --->   Operation 69 'zext' 'zext_ln163_1' <Predicate = true> <Delay = 0.00>
ST_5 : Operation 70 [1/1] (0.00ns)   --->   "%shl_ln166_2 = call i15 @_ssdm_op_BitConcatenate.i15.i13.i2(i13 %or_ln163_1, i2 0)" [../../../Users/fantwen/Desktop/jpeg_V2.cpp:166]   --->   Operation 70 'bitconcatenate' 'shl_ln166_2' <Predicate = true> <Delay = 0.00>
ST_5 : Operation 71 [1/1] (0.00ns)   --->   "%zext_ln166_10 = zext i15 %shl_ln166_2 to i16" [../../../Users/fantwen/Desktop/jpeg_V2.cpp:166]   --->   Operation 71 'zext' 'zext_ln166_10' <Predicate = true> <Delay = 0.00>
ST_5 : Operation 72 [1/1] (1.94ns)   --->   "%sub_ln166_2 = sub i16 %zext_ln166_10, %zext_ln163_1" [../../../Users/fantwen/Desktop/jpeg_V2.cpp:166]   --->   Operation 72 'sub' 'sub_ln166_2' <Predicate = true> <Delay = 1.94> <Core = "AddSub">   --->   Core 14 'AddSub' <Latency = 0> <II = 1> <Delay = 1.67> <FuncUnit> <Opcode : 'add' 'sub'> <InPorts = 2> <OutPorts = 1>

State 6 <SV = 5> <Delay = 3.25>
ST_6 : Operation 73 [1/1] (0.00ns)   --->   "%empty_28 = call { i24, i3, i3, i1 } @_ssdm_op_Read.axis.volatile.i24P.i3P.i3P.i1P(i24* %rgb_in_V_data_V, i3* %rgb_in_V_keep_V, i3* %rgb_in_V_strb_V, i1* %rgb_in_V_last_V)" [../../../Users/fantwen/Desktop/jpeg_V2.cpp:165]   --->   Operation 73 'read' 'empty_28' <Predicate = true> <Delay = 0.00> <Core = "AXI4Stream">   --->   Core 5 'AXI4Stream' <Latency = 0> <II = 1> <Delay = 1.00> <Adapter> <Opcode : >
ST_6 : Operation 74 [1/1] (0.00ns)   --->   "%tmp_data_V_2 = extractvalue { i24, i3, i3, i1 } %empty_28, 0" [../../../Users/fantwen/Desktop/jpeg_V2.cpp:165]   --->   Operation 74 'extractvalue' 'tmp_data_V_2' <Predicate = true> <Delay = 0.00>
ST_6 : Operation 75 [1/1] (0.00ns)   --->   "%trunc_ln1503_2 = call i8 @_ssdm_op_PartSelect.i8.i24.i32.i32(i24 %tmp_data_V_2, i32 16, i32 23)" [../../../Users/fantwen/Desktop/jpeg_V2.cpp:166]   --->   Operation 75 'partselect' 'trunc_ln1503_2' <Predicate = true> <Delay = 0.00>
ST_6 : Operation 76 [1/1] (0.00ns)   --->   "%sext_ln166_2 = sext i16 %sub_ln166_2 to i32" [../../../Users/fantwen/Desktop/jpeg_V2.cpp:166]   --->   Operation 76 'sext' 'sext_ln166_2' <Predicate = true> <Delay = 0.00>
ST_6 : Operation 77 [1/1] (0.00ns)   --->   "%zext_ln166_2 = zext i32 %sext_ln166_2 to i64" [../../../Users/fantwen/Desktop/jpeg_V2.cpp:166]   --->   Operation 77 'zext' 'zext_ln166_2' <Predicate = true> <Delay = 0.00>
ST_6 : Operation 78 [1/1] (0.00ns)   --->   "%JpegEncoder_buffer_a_6 = getelementptr [15360 x i8]* %JpegEncoder_buffer, i64 0, i64 %zext_ln166_2" [../../../Users/fantwen/Desktop/jpeg_V2.cpp:166]   --->   Operation 78 'getelementptr' 'JpegEncoder_buffer_a_6' <Predicate = true> <Delay = 0.00>
ST_6 : Operation 79 [1/1] (3.25ns)   --->   "store i8 %trunc_ln1503_2, i8* %JpegEncoder_buffer_a_6, align 1" [../../../Users/fantwen/Desktop/jpeg_V2.cpp:166]   --->   Operation 79 'store' <Predicate = true> <Delay = 3.25> <Core = "RAM">   --->   Core 37 'RAM' <Latency = 1> <II = 1> <Delay = 3.25> <Storage> <Opcode : 'load' 'store'> <Ports = 2> <Width = 8> <Depth = 15360> <RAM>
ST_6 : Operation 80 [1/1] (0.00ns)   --->   "%trunc_ln1503_s = call i8 @_ssdm_op_PartSelect.i8.i24.i32.i32(i24 %tmp_data_V_2, i32 8, i32 15)" [../../../Users/fantwen/Desktop/jpeg_V2.cpp:167]   --->   Operation 80 'partselect' 'trunc_ln1503_s' <Predicate = true> <Delay = 0.00>
ST_6 : Operation 81 [1/1] (0.00ns)   --->   "%or_ln167_1 = or i32 %sext_ln166_2, 1" [../../../Users/fantwen/Desktop/jpeg_V2.cpp:167]   --->   Operation 81 'or' 'or_ln167_1' <Predicate = true> <Delay = 0.00>
ST_6 : Operation 82 [1/1] (0.00ns)   --->   "%zext_ln167_2 = zext i32 %or_ln167_1 to i64" [../../../Users/fantwen/Desktop/jpeg_V2.cpp:167]   --->   Operation 82 'zext' 'zext_ln167_2' <Predicate = true> <Delay = 0.00>
ST_6 : Operation 83 [1/1] (0.00ns)   --->   "%JpegEncoder_buffer_a_7 = getelementptr [15360 x i8]* %JpegEncoder_buffer, i64 0, i64 %zext_ln167_2" [../../../Users/fantwen/Desktop/jpeg_V2.cpp:167]   --->   Operation 83 'getelementptr' 'JpegEncoder_buffer_a_7' <Predicate = true> <Delay = 0.00>
ST_6 : Operation 84 [1/1] (3.25ns)   --->   "store i8 %trunc_ln1503_s, i8* %JpegEncoder_buffer_a_7, align 1" [../../../Users/fantwen/Desktop/jpeg_V2.cpp:167]   --->   Operation 84 'store' <Predicate = true> <Delay = 3.25> <Core = "RAM">   --->   Core 37 'RAM' <Latency = 1> <II = 1> <Delay = 3.25> <Storage> <Opcode : 'load' 'store'> <Ports = 2> <Width = 8> <Depth = 15360> <RAM>
ST_6 : Operation 85 [1/1] (0.00ns)   --->   "%trunc_ln168_2 = trunc i24 %tmp_data_V_2 to i8" [../../../Users/fantwen/Desktop/jpeg_V2.cpp:168]   --->   Operation 85 'trunc' 'trunc_ln168_2' <Predicate = true> <Delay = 0.00>
ST_6 : Operation 86 [1/1] (2.07ns)   --->   "%add_ln168_1 = add i16 2, %sub_ln166_2" [../../../Users/fantwen/Desktop/jpeg_V2.cpp:168]   --->   Operation 86 'add' 'add_ln168_1' <Predicate = true> <Delay = 2.07> <Core = "AddSub">   --->   Core 14 'AddSub' <Latency = 0> <II = 1> <Delay = 1.67> <FuncUnit> <Opcode : 'add' 'sub'> <InPorts = 2> <OutPorts = 1>
ST_6 : Operation 87 [1/1] (0.00ns)   --->   "%or_ln163_2 = or i13 %i_0_0, 3" [../../../Users/fantwen/Desktop/jpeg_V2.cpp:163]   --->   Operation 87 'or' 'or_ln163_2' <Predicate = true> <Delay = 0.00>
ST_6 : Operation 88 [1/1] (0.00ns)   --->   "%zext_ln163_2 = zext i13 %or_ln163_2 to i16" [../../../Users/fantwen/Desktop/jpeg_V2.cpp:163]   --->   Operation 88 'zext' 'zext_ln163_2' <Predicate = true> <Delay = 0.00>
ST_6 : Operation 89 [1/1] (0.00ns)   --->   "%shl_ln166_3 = call i15 @_ssdm_op_BitConcatenate.i15.i13.i2(i13 %or_ln163_2, i2 0)" [../../../Users/fantwen/Desktop/jpeg_V2.cpp:166]   --->   Operation 89 'bitconcatenate' 'shl_ln166_3' <Predicate = true> <Delay = 0.00>
ST_6 : Operation 90 [1/1] (0.00ns)   --->   "%zext_ln166_11 = zext i15 %shl_ln166_3 to i16" [../../../Users/fantwen/Desktop/jpeg_V2.cpp:166]   --->   Operation 90 'zext' 'zext_ln166_11' <Predicate = true> <Delay = 0.00>
ST_6 : Operation 91 [1/1] (1.94ns)   --->   "%sub_ln166_3 = sub i16 %zext_ln166_11, %zext_ln163_2" [../../../Users/fantwen/Desktop/jpeg_V2.cpp:166]   --->   Operation 91 'sub' 'sub_ln166_3' <Predicate = true> <Delay = 1.94> <Core = "AddSub">   --->   Core 14 'AddSub' <Latency = 0> <II = 1> <Delay = 1.67> <FuncUnit> <Opcode : 'add' 'sub'> <InPorts = 2> <OutPorts = 1>

State 7 <SV = 6> <Delay = 3.25>
ST_7 : Operation 92 [1/1] (0.00ns)   --->   "%sext_ln168_2 = sext i16 %add_ln168_1 to i32" [../../../Users/fantwen/Desktop/jpeg_V2.cpp:168]   --->   Operation 92 'sext' 'sext_ln168_2' <Predicate = true> <Delay = 0.00>
ST_7 : Operation 93 [1/1] (0.00ns)   --->   "%zext_ln168_2 = zext i32 %sext_ln168_2 to i64" [../../../Users/fantwen/Desktop/jpeg_V2.cpp:168]   --->   Operation 93 'zext' 'zext_ln168_2' <Predicate = true> <Delay = 0.00>
ST_7 : Operation 94 [1/1] (0.00ns)   --->   "%JpegEncoder_buffer_a_8 = getelementptr [15360 x i8]* %JpegEncoder_buffer, i64 0, i64 %zext_ln168_2" [../../../Users/fantwen/Desktop/jpeg_V2.cpp:168]   --->   Operation 94 'getelementptr' 'JpegEncoder_buffer_a_8' <Predicate = true> <Delay = 0.00>
ST_7 : Operation 95 [1/1] (3.25ns)   --->   "store i8 %trunc_ln168_2, i8* %JpegEncoder_buffer_a_8, align 1" [../../../Users/fantwen/Desktop/jpeg_V2.cpp:168]   --->   Operation 95 'store' <Predicate = true> <Delay = 3.25> <Core = "RAM">   --->   Core 37 'RAM' <Latency = 1> <II = 1> <Delay = 3.25> <Storage> <Opcode : 'load' 'store'> <Ports = 2> <Width = 8> <Depth = 15360> <RAM>
ST_7 : Operation 96 [1/1] (0.00ns)   --->   "%empty_29 = call { i24, i3, i3, i1 } @_ssdm_op_Read.axis.volatile.i24P.i3P.i3P.i1P(i24* %rgb_in_V_data_V, i3* %rgb_in_V_keep_V, i3* %rgb_in_V_strb_V, i1* %rgb_in_V_last_V)" [../../../Users/fantwen/Desktop/jpeg_V2.cpp:165]   --->   Operation 96 'read' 'empty_29' <Predicate = true> <Delay = 0.00> <Core = "AXI4Stream">   --->   Core 5 'AXI4Stream' <Latency = 0> <II = 1> <Delay = 1.00> <Adapter> <Opcode : >
ST_7 : Operation 97 [1/1] (0.00ns)   --->   "%tmp_data_V_3 = extractvalue { i24, i3, i3, i1 } %empty_29, 0" [../../../Users/fantwen/Desktop/jpeg_V2.cpp:165]   --->   Operation 97 'extractvalue' 'tmp_data_V_3' <Predicate = true> <Delay = 0.00>
ST_7 : Operation 98 [1/1] (0.00ns)   --->   "%trunc_ln1503_3 = call i8 @_ssdm_op_PartSelect.i8.i24.i32.i32(i24 %tmp_data_V_3, i32 16, i32 23)" [../../../Users/fantwen/Desktop/jpeg_V2.cpp:166]   --->   Operation 98 'partselect' 'trunc_ln1503_3' <Predicate = true> <Delay = 0.00>
ST_7 : Operation 99 [1/1] (0.00ns)   --->   "%sext_ln166_3 = sext i16 %sub_ln166_3 to i32" [../../../Users/fantwen/Desktop/jpeg_V2.cpp:166]   --->   Operation 99 'sext' 'sext_ln166_3' <Predicate = true> <Delay = 0.00>
ST_7 : Operation 100 [1/1] (0.00ns)   --->   "%zext_ln166_3 = zext i32 %sext_ln166_3 to i64" [../../../Users/fantwen/Desktop/jpeg_V2.cpp:166]   --->   Operation 100 'zext' 'zext_ln166_3' <Predicate = true> <Delay = 0.00>
ST_7 : Operation 101 [1/1] (0.00ns)   --->   "%JpegEncoder_buffer_a_9 = getelementptr [15360 x i8]* %JpegEncoder_buffer, i64 0, i64 %zext_ln166_3" [../../../Users/fantwen/Desktop/jpeg_V2.cpp:166]   --->   Operation 101 'getelementptr' 'JpegEncoder_buffer_a_9' <Predicate = true> <Delay = 0.00>
ST_7 : Operation 102 [1/1] (3.25ns)   --->   "store i8 %trunc_ln1503_3, i8* %JpegEncoder_buffer_a_9, align 1" [../../../Users/fantwen/Desktop/jpeg_V2.cpp:166]   --->   Operation 102 'store' <Predicate = true> <Delay = 3.25> <Core = "RAM">   --->   Core 37 'RAM' <Latency = 1> <II = 1> <Delay = 3.25> <Storage> <Opcode : 'load' 'store'> <Ports = 2> <Width = 8> <Depth = 15360> <RAM>
ST_7 : Operation 103 [1/1] (0.00ns)   --->   "%trunc_ln1503_10 = call i8 @_ssdm_op_PartSelect.i8.i24.i32.i32(i24 %tmp_data_V_3, i32 8, i32 15)" [../../../Users/fantwen/Desktop/jpeg_V2.cpp:167]   --->   Operation 103 'partselect' 'trunc_ln1503_10' <Predicate = true> <Delay = 0.00>
ST_7 : Operation 104 [1/1] (2.07ns)   --->   "%add_ln167_1 = add i16 1, %sub_ln166_3" [../../../Users/fantwen/Desktop/jpeg_V2.cpp:167]   --->   Operation 104 'add' 'add_ln167_1' <Predicate = true> <Delay = 2.07> <Core = "AddSub">   --->   Core 14 'AddSub' <Latency = 0> <II = 1> <Delay = 1.67> <FuncUnit> <Opcode : 'add' 'sub'> <InPorts = 2> <OutPorts = 1>
ST_7 : Operation 105 [1/1] (0.00ns)   --->   "%trunc_ln168_3 = trunc i24 %tmp_data_V_3 to i8" [../../../Users/fantwen/Desktop/jpeg_V2.cpp:168]   --->   Operation 105 'trunc' 'trunc_ln168_3' <Predicate = true> <Delay = 0.00>
ST_7 : Operation 106 [1/1] (2.07ns)   --->   "%add_ln168_2 = add i16 2, %sub_ln166_3" [../../../Users/fantwen/Desktop/jpeg_V2.cpp:168]   --->   Operation 106 'add' 'add_ln168_2' <Predicate = true> <Delay = 2.07> <Core = "AddSub">   --->   Core 14 'AddSub' <Latency = 0> <II = 1> <Delay = 1.67> <FuncUnit> <Opcode : 'add' 'sub'> <InPorts = 2> <OutPorts = 1>

State 8 <SV = 7> <Delay = 3.25>
ST_8 : Operation 107 [1/1] (0.00ns)   --->   "%sext_ln167_1 = sext i16 %add_ln167_1 to i32" [../../../Users/fantwen/Desktop/jpeg_V2.cpp:167]   --->   Operation 107 'sext' 'sext_ln167_1' <Predicate = true> <Delay = 0.00>
ST_8 : Operation 108 [1/1] (0.00ns)   --->   "%zext_ln167_3 = zext i32 %sext_ln167_1 to i64" [../../../Users/fantwen/Desktop/jpeg_V2.cpp:167]   --->   Operation 108 'zext' 'zext_ln167_3' <Predicate = true> <Delay = 0.00>
ST_8 : Operation 109 [1/1] (0.00ns)   --->   "%JpegEncoder_buffer_a_10 = getelementptr [15360 x i8]* %JpegEncoder_buffer, i64 0, i64 %zext_ln167_3" [../../../Users/fantwen/Desktop/jpeg_V2.cpp:167]   --->   Operation 109 'getelementptr' 'JpegEncoder_buffer_a_10' <Predicate = true> <Delay = 0.00>
ST_8 : Operation 110 [1/1] (3.25ns)   --->   "store i8 %trunc_ln1503_10, i8* %JpegEncoder_buffer_a_10, align 1" [../../../Users/fantwen/Desktop/jpeg_V2.cpp:167]   --->   Operation 110 'store' <Predicate = true> <Delay = 3.25> <Core = "RAM">   --->   Core 37 'RAM' <Latency = 1> <II = 1> <Delay = 3.25> <Storage> <Opcode : 'load' 'store'> <Ports = 2> <Width = 8> <Depth = 15360> <RAM>
ST_8 : Operation 111 [1/1] (0.00ns)   --->   "%sext_ln168_3 = sext i16 %add_ln168_2 to i32" [../../../Users/fantwen/Desktop/jpeg_V2.cpp:168]   --->   Operation 111 'sext' 'sext_ln168_3' <Predicate = true> <Delay = 0.00>
ST_8 : Operation 112 [1/1] (0.00ns)   --->   "%zext_ln168_3 = zext i32 %sext_ln168_3 to i64" [../../../Users/fantwen/Desktop/jpeg_V2.cpp:168]   --->   Operation 112 'zext' 'zext_ln168_3' <Predicate = true> <Delay = 0.00>
ST_8 : Operation 113 [1/1] (0.00ns)   --->   "%JpegEncoder_buffer_a_11 = getelementptr [15360 x i8]* %JpegEncoder_buffer, i64 0, i64 %zext_ln168_3" [../../../Users/fantwen/Desktop/jpeg_V2.cpp:168]   --->   Operation 113 'getelementptr' 'JpegEncoder_buffer_a_11' <Predicate = true> <Delay = 0.00>
ST_8 : Operation 114 [1/1] (3.25ns)   --->   "store i8 %trunc_ln168_3, i8* %JpegEncoder_buffer_a_11, align 1" [../../../Users/fantwen/Desktop/jpeg_V2.cpp:168]   --->   Operation 114 'store' <Predicate = true> <Delay = 3.25> <Core = "RAM">   --->   Core 37 'RAM' <Latency = 1> <II = 1> <Delay = 3.25> <Storage> <Opcode : 'load' 'store'> <Ports = 2> <Width = 8> <Depth = 15360> <RAM>
ST_8 : Operation 115 [1/1] (0.00ns)   --->   "%or_ln163_3 = or i13 %i_0_0, 4" [../../../Users/fantwen/Desktop/jpeg_V2.cpp:163]   --->   Operation 115 'or' 'or_ln163_3' <Predicate = true> <Delay = 0.00>
ST_8 : Operation 116 [1/1] (0.00ns)   --->   "%zext_ln163_3 = zext i13 %or_ln163_3 to i16" [../../../Users/fantwen/Desktop/jpeg_V2.cpp:163]   --->   Operation 116 'zext' 'zext_ln163_3' <Predicate = true> <Delay = 0.00>
ST_8 : Operation 117 [1/1] (0.00ns)   --->   "%shl_ln166_4 = call i15 @_ssdm_op_BitConcatenate.i15.i13.i2(i13 %or_ln163_3, i2 0)" [../../../Users/fantwen/Desktop/jpeg_V2.cpp:166]   --->   Operation 117 'bitconcatenate' 'shl_ln166_4' <Predicate = true> <Delay = 0.00>
ST_8 : Operation 118 [1/1] (0.00ns)   --->   "%zext_ln166_12 = zext i15 %shl_ln166_4 to i16" [../../../Users/fantwen/Desktop/jpeg_V2.cpp:166]   --->   Operation 118 'zext' 'zext_ln166_12' <Predicate = true> <Delay = 0.00>
ST_8 : Operation 119 [1/1] (1.94ns)   --->   "%sub_ln166_4 = sub i16 %zext_ln166_12, %zext_ln163_3" [../../../Users/fantwen/Desktop/jpeg_V2.cpp:166]   --->   Operation 119 'sub' 'sub_ln166_4' <Predicate = true> <Delay = 1.94> <Core = "AddSub">   --->   Core 14 'AddSub' <Latency = 0> <II = 1> <Delay = 1.67> <FuncUnit> <Opcode : 'add' 'sub'> <InPorts = 2> <OutPorts = 1>

State 9 <SV = 8> <Delay = 3.25>
ST_9 : Operation 120 [1/1] (0.00ns)   --->   "%empty_30 = call { i24, i3, i3, i1 } @_ssdm_op_Read.axis.volatile.i24P.i3P.i3P.i1P(i24* %rgb_in_V_data_V, i3* %rgb_in_V_keep_V, i3* %rgb_in_V_strb_V, i1* %rgb_in_V_last_V)" [../../../Users/fantwen/Desktop/jpeg_V2.cpp:165]   --->   Operation 120 'read' 'empty_30' <Predicate = true> <Delay = 0.00> <Core = "AXI4Stream">   --->   Core 5 'AXI4Stream' <Latency = 0> <II = 1> <Delay = 1.00> <Adapter> <Opcode : >
ST_9 : Operation 121 [1/1] (0.00ns)   --->   "%tmp_data_V_4 = extractvalue { i24, i3, i3, i1 } %empty_30, 0" [../../../Users/fantwen/Desktop/jpeg_V2.cpp:165]   --->   Operation 121 'extractvalue' 'tmp_data_V_4' <Predicate = true> <Delay = 0.00>
ST_9 : Operation 122 [1/1] (0.00ns)   --->   "%trunc_ln1503_4 = call i8 @_ssdm_op_PartSelect.i8.i24.i32.i32(i24 %tmp_data_V_4, i32 16, i32 23)" [../../../Users/fantwen/Desktop/jpeg_V2.cpp:166]   --->   Operation 122 'partselect' 'trunc_ln1503_4' <Predicate = true> <Delay = 0.00>
ST_9 : Operation 123 [1/1] (0.00ns)   --->   "%sext_ln166_4 = sext i16 %sub_ln166_4 to i32" [../../../Users/fantwen/Desktop/jpeg_V2.cpp:166]   --->   Operation 123 'sext' 'sext_ln166_4' <Predicate = true> <Delay = 0.00>
ST_9 : Operation 124 [1/1] (0.00ns)   --->   "%zext_ln166_4 = zext i32 %sext_ln166_4 to i64" [../../../Users/fantwen/Desktop/jpeg_V2.cpp:166]   --->   Operation 124 'zext' 'zext_ln166_4' <Predicate = true> <Delay = 0.00>
ST_9 : Operation 125 [1/1] (0.00ns)   --->   "%JpegEncoder_buffer_a_12 = getelementptr [15360 x i8]* %JpegEncoder_buffer, i64 0, i64 %zext_ln166_4" [../../../Users/fantwen/Desktop/jpeg_V2.cpp:166]   --->   Operation 125 'getelementptr' 'JpegEncoder_buffer_a_12' <Predicate = true> <Delay = 0.00>
ST_9 : Operation 126 [1/1] (3.25ns)   --->   "store i8 %trunc_ln1503_4, i8* %JpegEncoder_buffer_a_12, align 1" [../../../Users/fantwen/Desktop/jpeg_V2.cpp:166]   --->   Operation 126 'store' <Predicate = true> <Delay = 3.25> <Core = "RAM">   --->   Core 37 'RAM' <Latency = 1> <II = 1> <Delay = 3.25> <Storage> <Opcode : 'load' 'store'> <Ports = 2> <Width = 8> <Depth = 15360> <RAM>
ST_9 : Operation 127 [1/1] (0.00ns)   --->   "%trunc_ln1503_11 = call i8 @_ssdm_op_PartSelect.i8.i24.i32.i32(i24 %tmp_data_V_4, i32 8, i32 15)" [../../../Users/fantwen/Desktop/jpeg_V2.cpp:167]   --->   Operation 127 'partselect' 'trunc_ln1503_11' <Predicate = true> <Delay = 0.00>
ST_9 : Operation 128 [1/1] (0.00ns)   --->   "%or_ln167_2 = or i32 %sext_ln166_4, 1" [../../../Users/fantwen/Desktop/jpeg_V2.cpp:167]   --->   Operation 128 'or' 'or_ln167_2' <Predicate = true> <Delay = 0.00>
ST_9 : Operation 129 [1/1] (0.00ns)   --->   "%zext_ln167_4 = zext i32 %or_ln167_2 to i64" [../../../Users/fantwen/Desktop/jpeg_V2.cpp:167]   --->   Operation 129 'zext' 'zext_ln167_4' <Predicate = true> <Delay = 0.00>
ST_9 : Operation 130 [1/1] (0.00ns)   --->   "%JpegEncoder_buffer_a_13 = getelementptr [15360 x i8]* %JpegEncoder_buffer, i64 0, i64 %zext_ln167_4" [../../../Users/fantwen/Desktop/jpeg_V2.cpp:167]   --->   Operation 130 'getelementptr' 'JpegEncoder_buffer_a_13' <Predicate = true> <Delay = 0.00>
ST_9 : Operation 131 [1/1] (3.25ns)   --->   "store i8 %trunc_ln1503_11, i8* %JpegEncoder_buffer_a_13, align 1" [../../../Users/fantwen/Desktop/jpeg_V2.cpp:167]   --->   Operation 131 'store' <Predicate = true> <Delay = 3.25> <Core = "RAM">   --->   Core 37 'RAM' <Latency = 1> <II = 1> <Delay = 3.25> <Storage> <Opcode : 'load' 'store'> <Ports = 2> <Width = 8> <Depth = 15360> <RAM>
ST_9 : Operation 132 [1/1] (0.00ns)   --->   "%trunc_ln168_4 = trunc i24 %tmp_data_V_4 to i8" [../../../Users/fantwen/Desktop/jpeg_V2.cpp:168]   --->   Operation 132 'trunc' 'trunc_ln168_4' <Predicate = true> <Delay = 0.00>
ST_9 : Operation 133 [1/1] (0.00ns)   --->   "%or_ln163_4 = or i13 %i_0_0, 5" [../../../Users/fantwen/Desktop/jpeg_V2.cpp:163]   --->   Operation 133 'or' 'or_ln163_4' <Predicate = true> <Delay = 0.00>
ST_9 : Operation 134 [1/1] (0.00ns)   --->   "%zext_ln163_4 = zext i13 %or_ln163_4 to i16" [../../../Users/fantwen/Desktop/jpeg_V2.cpp:163]   --->   Operation 134 'zext' 'zext_ln163_4' <Predicate = true> <Delay = 0.00>
ST_9 : Operation 135 [1/1] (0.00ns)   --->   "%shl_ln166_5 = call i15 @_ssdm_op_BitConcatenate.i15.i13.i2(i13 %or_ln163_4, i2 0)" [../../../Users/fantwen/Desktop/jpeg_V2.cpp:166]   --->   Operation 135 'bitconcatenate' 'shl_ln166_5' <Predicate = true> <Delay = 0.00>
ST_9 : Operation 136 [1/1] (0.00ns)   --->   "%zext_ln166_13 = zext i15 %shl_ln166_5 to i16" [../../../Users/fantwen/Desktop/jpeg_V2.cpp:166]   --->   Operation 136 'zext' 'zext_ln166_13' <Predicate = true> <Delay = 0.00>
ST_9 : Operation 137 [1/1] (1.94ns)   --->   "%sub_ln166_5 = sub i16 %zext_ln166_13, %zext_ln163_4" [../../../Users/fantwen/Desktop/jpeg_V2.cpp:166]   --->   Operation 137 'sub' 'sub_ln166_5' <Predicate = true> <Delay = 1.94> <Core = "AddSub">   --->   Core 14 'AddSub' <Latency = 0> <II = 1> <Delay = 1.67> <FuncUnit> <Opcode : 'add' 'sub'> <InPorts = 2> <OutPorts = 1>

State 10 <SV = 9> <Delay = 3.25>
ST_10 : Operation 138 [1/1] (0.00ns)   --->   "%or_ln168_1 = or i16 %sub_ln166_4, 2" [../../../Users/fantwen/Desktop/jpeg_V2.cpp:168]   --->   Operation 138 'or' 'or_ln168_1' <Predicate = true> <Delay = 0.00>
ST_10 : Operation 139 [1/1] (0.00ns)   --->   "%sext_ln168_4 = sext i16 %or_ln168_1 to i32" [../../../Users/fantwen/Desktop/jpeg_V2.cpp:168]   --->   Operation 139 'sext' 'sext_ln168_4' <Predicate = true> <Delay = 0.00>
ST_10 : Operation 140 [1/1] (0.00ns)   --->   "%zext_ln168_4 = zext i32 %sext_ln168_4 to i64" [../../../Users/fantwen/Desktop/jpeg_V2.cpp:168]   --->   Operation 140 'zext' 'zext_ln168_4' <Predicate = true> <Delay = 0.00>
ST_10 : Operation 141 [1/1] (0.00ns)   --->   "%JpegEncoder_buffer_a_14 = getelementptr [15360 x i8]* %JpegEncoder_buffer, i64 0, i64 %zext_ln168_4" [../../../Users/fantwen/Desktop/jpeg_V2.cpp:168]   --->   Operation 141 'getelementptr' 'JpegEncoder_buffer_a_14' <Predicate = true> <Delay = 0.00>
ST_10 : Operation 142 [1/1] (3.25ns)   --->   "store i8 %trunc_ln168_4, i8* %JpegEncoder_buffer_a_14, align 1" [../../../Users/fantwen/Desktop/jpeg_V2.cpp:168]   --->   Operation 142 'store' <Predicate = true> <Delay = 3.25> <Core = "RAM">   --->   Core 37 'RAM' <Latency = 1> <II = 1> <Delay = 3.25> <Storage> <Opcode : 'load' 'store'> <Ports = 2> <Width = 8> <Depth = 15360> <RAM>
ST_10 : Operation 143 [1/1] (0.00ns)   --->   "%empty_31 = call { i24, i3, i3, i1 } @_ssdm_op_Read.axis.volatile.i24P.i3P.i3P.i1P(i24* %rgb_in_V_data_V, i3* %rgb_in_V_keep_V, i3* %rgb_in_V_strb_V, i1* %rgb_in_V_last_V)" [../../../Users/fantwen/Desktop/jpeg_V2.cpp:165]   --->   Operation 143 'read' 'empty_31' <Predicate = true> <Delay = 0.00> <Core = "AXI4Stream">   --->   Core 5 'AXI4Stream' <Latency = 0> <II = 1> <Delay = 1.00> <Adapter> <Opcode : >
ST_10 : Operation 144 [1/1] (0.00ns)   --->   "%tmp_data_V_5 = extractvalue { i24, i3, i3, i1 } %empty_31, 0" [../../../Users/fantwen/Desktop/jpeg_V2.cpp:165]   --->   Operation 144 'extractvalue' 'tmp_data_V_5' <Predicate = true> <Delay = 0.00>
ST_10 : Operation 145 [1/1] (0.00ns)   --->   "%trunc_ln1503_5 = call i8 @_ssdm_op_PartSelect.i8.i24.i32.i32(i24 %tmp_data_V_5, i32 16, i32 23)" [../../../Users/fantwen/Desktop/jpeg_V2.cpp:166]   --->   Operation 145 'partselect' 'trunc_ln1503_5' <Predicate = true> <Delay = 0.00>
ST_10 : Operation 146 [1/1] (0.00ns)   --->   "%sext_ln166_5 = sext i16 %sub_ln166_5 to i32" [../../../Users/fantwen/Desktop/jpeg_V2.cpp:166]   --->   Operation 146 'sext' 'sext_ln166_5' <Predicate = true> <Delay = 0.00>
ST_10 : Operation 147 [1/1] (0.00ns)   --->   "%zext_ln166_5 = zext i32 %sext_ln166_5 to i64" [../../../Users/fantwen/Desktop/jpeg_V2.cpp:166]   --->   Operation 147 'zext' 'zext_ln166_5' <Predicate = true> <Delay = 0.00>
ST_10 : Operation 148 [1/1] (0.00ns)   --->   "%JpegEncoder_buffer_a_15 = getelementptr [15360 x i8]* %JpegEncoder_buffer, i64 0, i64 %zext_ln166_5" [../../../Users/fantwen/Desktop/jpeg_V2.cpp:166]   --->   Operation 148 'getelementptr' 'JpegEncoder_buffer_a_15' <Predicate = true> <Delay = 0.00>
ST_10 : Operation 149 [1/1] (3.25ns)   --->   "store i8 %trunc_ln1503_5, i8* %JpegEncoder_buffer_a_15, align 1" [../../../Users/fantwen/Desktop/jpeg_V2.cpp:166]   --->   Operation 149 'store' <Predicate = true> <Delay = 3.25> <Core = "RAM">   --->   Core 37 'RAM' <Latency = 1> <II = 1> <Delay = 3.25> <Storage> <Opcode : 'load' 'store'> <Ports = 2> <Width = 8> <Depth = 15360> <RAM>
ST_10 : Operation 150 [1/1] (0.00ns)   --->   "%trunc_ln1503_12 = call i8 @_ssdm_op_PartSelect.i8.i24.i32.i32(i24 %tmp_data_V_5, i32 8, i32 15)" [../../../Users/fantwen/Desktop/jpeg_V2.cpp:167]   --->   Operation 150 'partselect' 'trunc_ln1503_12' <Predicate = true> <Delay = 0.00>
ST_10 : Operation 151 [1/1] (2.07ns)   --->   "%add_ln167_2 = add i16 1, %sub_ln166_5" [../../../Users/fantwen/Desktop/jpeg_V2.cpp:167]   --->   Operation 151 'add' 'add_ln167_2' <Predicate = true> <Delay = 2.07> <Core = "AddSub">   --->   Core 14 'AddSub' <Latency = 0> <II = 1> <Delay = 1.67> <FuncUnit> <Opcode : 'add' 'sub'> <InPorts = 2> <OutPorts = 1>
ST_10 : Operation 152 [1/1] (0.00ns)   --->   "%trunc_ln168_5 = trunc i24 %tmp_data_V_5 to i8" [../../../Users/fantwen/Desktop/jpeg_V2.cpp:168]   --->   Operation 152 'trunc' 'trunc_ln168_5' <Predicate = true> <Delay = 0.00>
ST_10 : Operation 153 [1/1] (2.07ns)   --->   "%add_ln168_3 = add i16 2, %sub_ln166_5" [../../../Users/fantwen/Desktop/jpeg_V2.cpp:168]   --->   Operation 153 'add' 'add_ln168_3' <Predicate = true> <Delay = 2.07> <Core = "AddSub">   --->   Core 14 'AddSub' <Latency = 0> <II = 1> <Delay = 1.67> <FuncUnit> <Opcode : 'add' 'sub'> <InPorts = 2> <OutPorts = 1>

State 11 <SV = 10> <Delay = 3.25>
ST_11 : Operation 154 [1/1] (0.00ns)   --->   "%sext_ln167_2 = sext i16 %add_ln167_2 to i32" [../../../Users/fantwen/Desktop/jpeg_V2.cpp:167]   --->   Operation 154 'sext' 'sext_ln167_2' <Predicate = true> <Delay = 0.00>
ST_11 : Operation 155 [1/1] (0.00ns)   --->   "%zext_ln167_5 = zext i32 %sext_ln167_2 to i64" [../../../Users/fantwen/Desktop/jpeg_V2.cpp:167]   --->   Operation 155 'zext' 'zext_ln167_5' <Predicate = true> <Delay = 0.00>
ST_11 : Operation 156 [1/1] (0.00ns)   --->   "%JpegEncoder_buffer_a_16 = getelementptr [15360 x i8]* %JpegEncoder_buffer, i64 0, i64 %zext_ln167_5" [../../../Users/fantwen/Desktop/jpeg_V2.cpp:167]   --->   Operation 156 'getelementptr' 'JpegEncoder_buffer_a_16' <Predicate = true> <Delay = 0.00>
ST_11 : Operation 157 [1/1] (3.25ns)   --->   "store i8 %trunc_ln1503_12, i8* %JpegEncoder_buffer_a_16, align 1" [../../../Users/fantwen/Desktop/jpeg_V2.cpp:167]   --->   Operation 157 'store' <Predicate = true> <Delay = 3.25> <Core = "RAM">   --->   Core 37 'RAM' <Latency = 1> <II = 1> <Delay = 3.25> <Storage> <Opcode : 'load' 'store'> <Ports = 2> <Width = 8> <Depth = 15360> <RAM>
ST_11 : Operation 158 [1/1] (0.00ns)   --->   "%sext_ln168_5 = sext i16 %add_ln168_3 to i32" [../../../Users/fantwen/Desktop/jpeg_V2.cpp:168]   --->   Operation 158 'sext' 'sext_ln168_5' <Predicate = true> <Delay = 0.00>
ST_11 : Operation 159 [1/1] (0.00ns)   --->   "%zext_ln168_5 = zext i32 %sext_ln168_5 to i64" [../../../Users/fantwen/Desktop/jpeg_V2.cpp:168]   --->   Operation 159 'zext' 'zext_ln168_5' <Predicate = true> <Delay = 0.00>
ST_11 : Operation 160 [1/1] (0.00ns)   --->   "%JpegEncoder_buffer_a_17 = getelementptr [15360 x i8]* %JpegEncoder_buffer, i64 0, i64 %zext_ln168_5" [../../../Users/fantwen/Desktop/jpeg_V2.cpp:168]   --->   Operation 160 'getelementptr' 'JpegEncoder_buffer_a_17' <Predicate = true> <Delay = 0.00>
ST_11 : Operation 161 [1/1] (3.25ns)   --->   "store i8 %trunc_ln168_5, i8* %JpegEncoder_buffer_a_17, align 1" [../../../Users/fantwen/Desktop/jpeg_V2.cpp:168]   --->   Operation 161 'store' <Predicate = true> <Delay = 3.25> <Core = "RAM">   --->   Core 37 'RAM' <Latency = 1> <II = 1> <Delay = 3.25> <Storage> <Opcode : 'load' 'store'> <Ports = 2> <Width = 8> <Depth = 15360> <RAM>
ST_11 : Operation 162 [1/1] (0.00ns)   --->   "%or_ln163_5 = or i13 %i_0_0, 6" [../../../Users/fantwen/Desktop/jpeg_V2.cpp:163]   --->   Operation 162 'or' 'or_ln163_5' <Predicate = true> <Delay = 0.00>
ST_11 : Operation 163 [1/1] (0.00ns)   --->   "%zext_ln163_5 = zext i13 %or_ln163_5 to i16" [../../../Users/fantwen/Desktop/jpeg_V2.cpp:163]   --->   Operation 163 'zext' 'zext_ln163_5' <Predicate = true> <Delay = 0.00>
ST_11 : Operation 164 [1/1] (0.00ns)   --->   "%shl_ln166_6 = call i15 @_ssdm_op_BitConcatenate.i15.i13.i2(i13 %or_ln163_5, i2 0)" [../../../Users/fantwen/Desktop/jpeg_V2.cpp:166]   --->   Operation 164 'bitconcatenate' 'shl_ln166_6' <Predicate = true> <Delay = 0.00>
ST_11 : Operation 165 [1/1] (0.00ns)   --->   "%zext_ln166_14 = zext i15 %shl_ln166_6 to i16" [../../../Users/fantwen/Desktop/jpeg_V2.cpp:166]   --->   Operation 165 'zext' 'zext_ln166_14' <Predicate = true> <Delay = 0.00>
ST_11 : Operation 166 [1/1] (1.94ns)   --->   "%sub_ln166_6 = sub i16 %zext_ln166_14, %zext_ln163_5" [../../../Users/fantwen/Desktop/jpeg_V2.cpp:166]   --->   Operation 166 'sub' 'sub_ln166_6' <Predicate = true> <Delay = 1.94> <Core = "AddSub">   --->   Core 14 'AddSub' <Latency = 0> <II = 1> <Delay = 1.67> <FuncUnit> <Opcode : 'add' 'sub'> <InPorts = 2> <OutPorts = 1>

State 12 <SV = 11> <Delay = 3.25>
ST_12 : Operation 167 [1/1] (0.00ns)   --->   "%empty_32 = call { i24, i3, i3, i1 } @_ssdm_op_Read.axis.volatile.i24P.i3P.i3P.i1P(i24* %rgb_in_V_data_V, i3* %rgb_in_V_keep_V, i3* %rgb_in_V_strb_V, i1* %rgb_in_V_last_V)" [../../../Users/fantwen/Desktop/jpeg_V2.cpp:165]   --->   Operation 167 'read' 'empty_32' <Predicate = true> <Delay = 0.00> <Core = "AXI4Stream">   --->   Core 5 'AXI4Stream' <Latency = 0> <II = 1> <Delay = 1.00> <Adapter> <Opcode : >
ST_12 : Operation 168 [1/1] (0.00ns)   --->   "%tmp_data_V_6 = extractvalue { i24, i3, i3, i1 } %empty_32, 0" [../../../Users/fantwen/Desktop/jpeg_V2.cpp:165]   --->   Operation 168 'extractvalue' 'tmp_data_V_6' <Predicate = true> <Delay = 0.00>
ST_12 : Operation 169 [1/1] (0.00ns)   --->   "%trunc_ln1503_6 = call i8 @_ssdm_op_PartSelect.i8.i24.i32.i32(i24 %tmp_data_V_6, i32 16, i32 23)" [../../../Users/fantwen/Desktop/jpeg_V2.cpp:166]   --->   Operation 169 'partselect' 'trunc_ln1503_6' <Predicate = true> <Delay = 0.00>
ST_12 : Operation 170 [1/1] (0.00ns)   --->   "%sext_ln166_6 = sext i16 %sub_ln166_6 to i32" [../../../Users/fantwen/Desktop/jpeg_V2.cpp:166]   --->   Operation 170 'sext' 'sext_ln166_6' <Predicate = true> <Delay = 0.00>
ST_12 : Operation 171 [1/1] (0.00ns)   --->   "%zext_ln166_6 = zext i32 %sext_ln166_6 to i64" [../../../Users/fantwen/Desktop/jpeg_V2.cpp:166]   --->   Operation 171 'zext' 'zext_ln166_6' <Predicate = true> <Delay = 0.00>
ST_12 : Operation 172 [1/1] (0.00ns)   --->   "%JpegEncoder_buffer_a_18 = getelementptr [15360 x i8]* %JpegEncoder_buffer, i64 0, i64 %zext_ln166_6" [../../../Users/fantwen/Desktop/jpeg_V2.cpp:166]   --->   Operation 172 'getelementptr' 'JpegEncoder_buffer_a_18' <Predicate = true> <Delay = 0.00>
ST_12 : Operation 173 [1/1] (3.25ns)   --->   "store i8 %trunc_ln1503_6, i8* %JpegEncoder_buffer_a_18, align 1" [../../../Users/fantwen/Desktop/jpeg_V2.cpp:166]   --->   Operation 173 'store' <Predicate = true> <Delay = 3.25> <Core = "RAM">   --->   Core 37 'RAM' <Latency = 1> <II = 1> <Delay = 3.25> <Storage> <Opcode : 'load' 'store'> <Ports = 2> <Width = 8> <Depth = 15360> <RAM>
ST_12 : Operation 174 [1/1] (0.00ns)   --->   "%trunc_ln1503_13 = call i8 @_ssdm_op_PartSelect.i8.i24.i32.i32(i24 %tmp_data_V_6, i32 8, i32 15)" [../../../Users/fantwen/Desktop/jpeg_V2.cpp:167]   --->   Operation 174 'partselect' 'trunc_ln1503_13' <Predicate = true> <Delay = 0.00>
ST_12 : Operation 175 [1/1] (0.00ns)   --->   "%or_ln167_3 = or i32 %sext_ln166_6, 1" [../../../Users/fantwen/Desktop/jpeg_V2.cpp:167]   --->   Operation 175 'or' 'or_ln167_3' <Predicate = true> <Delay = 0.00>
ST_12 : Operation 176 [1/1] (0.00ns)   --->   "%zext_ln167_6 = zext i32 %or_ln167_3 to i64" [../../../Users/fantwen/Desktop/jpeg_V2.cpp:167]   --->   Operation 176 'zext' 'zext_ln167_6' <Predicate = true> <Delay = 0.00>
ST_12 : Operation 177 [1/1] (0.00ns)   --->   "%JpegEncoder_buffer_a_19 = getelementptr [15360 x i8]* %JpegEncoder_buffer, i64 0, i64 %zext_ln167_6" [../../../Users/fantwen/Desktop/jpeg_V2.cpp:167]   --->   Operation 177 'getelementptr' 'JpegEncoder_buffer_a_19' <Predicate = true> <Delay = 0.00>
ST_12 : Operation 178 [1/1] (3.25ns)   --->   "store i8 %trunc_ln1503_13, i8* %JpegEncoder_buffer_a_19, align 1" [../../../Users/fantwen/Desktop/jpeg_V2.cpp:167]   --->   Operation 178 'store' <Predicate = true> <Delay = 3.25> <Core = "RAM">   --->   Core 37 'RAM' <Latency = 1> <II = 1> <Delay = 3.25> <Storage> <Opcode : 'load' 'store'> <Ports = 2> <Width = 8> <Depth = 15360> <RAM>
ST_12 : Operation 179 [1/1] (0.00ns)   --->   "%trunc_ln168_6 = trunc i24 %tmp_data_V_6 to i8" [../../../Users/fantwen/Desktop/jpeg_V2.cpp:168]   --->   Operation 179 'trunc' 'trunc_ln168_6' <Predicate = true> <Delay = 0.00>
ST_12 : Operation 180 [1/1] (2.07ns)   --->   "%add_ln168_4 = add i16 2, %sub_ln166_6" [../../../Users/fantwen/Desktop/jpeg_V2.cpp:168]   --->   Operation 180 'add' 'add_ln168_4' <Predicate = true> <Delay = 2.07> <Core = "AddSub">   --->   Core 14 'AddSub' <Latency = 0> <II = 1> <Delay = 1.67> <FuncUnit> <Opcode : 'add' 'sub'> <InPorts = 2> <OutPorts = 1>
ST_12 : Operation 181 [1/1] (0.00ns)   --->   "%or_ln163_6 = or i13 %i_0_0, 7" [../../../Users/fantwen/Desktop/jpeg_V2.cpp:163]   --->   Operation 181 'or' 'or_ln163_6' <Predicate = true> <Delay = 0.00>
ST_12 : Operation 182 [1/1] (0.00ns)   --->   "%zext_ln163_6 = zext i13 %or_ln163_6 to i16" [../../../Users/fantwen/Desktop/jpeg_V2.cpp:163]   --->   Operation 182 'zext' 'zext_ln163_6' <Predicate = true> <Delay = 0.00>
ST_12 : Operation 183 [1/1] (0.00ns)   --->   "%shl_ln166_7 = call i15 @_ssdm_op_BitConcatenate.i15.i13.i2(i13 %or_ln163_6, i2 0)" [../../../Users/fantwen/Desktop/jpeg_V2.cpp:166]   --->   Operation 183 'bitconcatenate' 'shl_ln166_7' <Predicate = true> <Delay = 0.00>
ST_12 : Operation 184 [1/1] (0.00ns)   --->   "%zext_ln166_15 = zext i15 %shl_ln166_7 to i16" [../../../Users/fantwen/Desktop/jpeg_V2.cpp:166]   --->   Operation 184 'zext' 'zext_ln166_15' <Predicate = true> <Delay = 0.00>
ST_12 : Operation 185 [1/1] (1.94ns)   --->   "%sub_ln166_7 = sub i16 %zext_ln166_15, %zext_ln163_6" [../../../Users/fantwen/Desktop/jpeg_V2.cpp:166]   --->   Operation 185 'sub' 'sub_ln166_7' <Predicate = true> <Delay = 1.94> <Core = "AddSub">   --->   Core 14 'AddSub' <Latency = 0> <II = 1> <Delay = 1.67> <FuncUnit> <Opcode : 'add' 'sub'> <InPorts = 2> <OutPorts = 1>
ST_12 : Operation 186 [1/1] (1.67ns)   --->   "%add_ln163 = add i13 8, %i_0_0" [../../../Users/fantwen/Desktop/jpeg_V2.cpp:163]   --->   Operation 186 'add' 'add_ln163' <Predicate = true> <Delay = 1.67> <Core = "AddSub">   --->   Core 14 'AddSub' <Latency = 0> <II = 1> <Delay = 1.67> <FuncUnit> <Opcode : 'add' 'sub'> <InPorts = 2> <OutPorts = 1>

State 13 <SV = 12> <Delay = 3.25>
ST_13 : Operation 187 [1/1] (0.00ns)   --->   "%sext_ln168_6 = sext i16 %add_ln168_4 to i32" [../../../Users/fantwen/Desktop/jpeg_V2.cpp:168]   --->   Operation 187 'sext' 'sext_ln168_6' <Predicate = true> <Delay = 0.00>
ST_13 : Operation 188 [1/1] (0.00ns)   --->   "%zext_ln168_6 = zext i32 %sext_ln168_6 to i64" [../../../Users/fantwen/Desktop/jpeg_V2.cpp:168]   --->   Operation 188 'zext' 'zext_ln168_6' <Predicate = true> <Delay = 0.00>
ST_13 : Operation 189 [1/1] (0.00ns)   --->   "%JpegEncoder_buffer_a_20 = getelementptr [15360 x i8]* %JpegEncoder_buffer, i64 0, i64 %zext_ln168_6" [../../../Users/fantwen/Desktop/jpeg_V2.cpp:168]   --->   Operation 189 'getelementptr' 'JpegEncoder_buffer_a_20' <Predicate = true> <Delay = 0.00>
ST_13 : Operation 190 [1/1] (3.25ns)   --->   "store i8 %trunc_ln168_6, i8* %JpegEncoder_buffer_a_20, align 1" [../../../Users/fantwen/Desktop/jpeg_V2.cpp:168]   --->   Operation 190 'store' <Predicate = true> <Delay = 3.25> <Core = "RAM">   --->   Core 37 'RAM' <Latency = 1> <II = 1> <Delay = 3.25> <Storage> <Opcode : 'load' 'store'> <Ports = 2> <Width = 8> <Depth = 15360> <RAM>
ST_13 : Operation 191 [1/1] (0.00ns)   --->   "%empty_33 = call { i24, i3, i3, i1 } @_ssdm_op_Read.axis.volatile.i24P.i3P.i3P.i1P(i24* %rgb_in_V_data_V, i3* %rgb_in_V_keep_V, i3* %rgb_in_V_strb_V, i1* %rgb_in_V_last_V)" [../../../Users/fantwen/Desktop/jpeg_V2.cpp:165]   --->   Operation 191 'read' 'empty_33' <Predicate = true> <Delay = 0.00> <Core = "AXI4Stream">   --->   Core 5 'AXI4Stream' <Latency = 0> <II = 1> <Delay = 1.00> <Adapter> <Opcode : >
ST_13 : Operation 192 [1/1] (0.00ns)   --->   "%tmp_data_V_7 = extractvalue { i24, i3, i3, i1 } %empty_33, 0" [../../../Users/fantwen/Desktop/jpeg_V2.cpp:165]   --->   Operation 192 'extractvalue' 'tmp_data_V_7' <Predicate = true> <Delay = 0.00>
ST_13 : Operation 193 [1/1] (0.00ns)   --->   "%trunc_ln1503_7 = call i8 @_ssdm_op_PartSelect.i8.i24.i32.i32(i24 %tmp_data_V_7, i32 16, i32 23)" [../../../Users/fantwen/Desktop/jpeg_V2.cpp:166]   --->   Operation 193 'partselect' 'trunc_ln1503_7' <Predicate = true> <Delay = 0.00>
ST_13 : Operation 194 [1/1] (0.00ns)   --->   "%sext_ln166_7 = sext i16 %sub_ln166_7 to i32" [../../../Users/fantwen/Desktop/jpeg_V2.cpp:166]   --->   Operation 194 'sext' 'sext_ln166_7' <Predicate = true> <Delay = 0.00>
ST_13 : Operation 195 [1/1] (0.00ns)   --->   "%zext_ln166_7 = zext i32 %sext_ln166_7 to i64" [../../../Users/fantwen/Desktop/jpeg_V2.cpp:166]   --->   Operation 195 'zext' 'zext_ln166_7' <Predicate = true> <Delay = 0.00>
ST_13 : Operation 196 [1/1] (0.00ns)   --->   "%JpegEncoder_buffer_a_21 = getelementptr [15360 x i8]* %JpegEncoder_buffer, i64 0, i64 %zext_ln166_7" [../../../Users/fantwen/Desktop/jpeg_V2.cpp:166]   --->   Operation 196 'getelementptr' 'JpegEncoder_buffer_a_21' <Predicate = true> <Delay = 0.00>
ST_13 : Operation 197 [1/1] (3.25ns)   --->   "store i8 %trunc_ln1503_7, i8* %JpegEncoder_buffer_a_21, align 1" [../../../Users/fantwen/Desktop/jpeg_V2.cpp:166]   --->   Operation 197 'store' <Predicate = true> <Delay = 3.25> <Core = "RAM">   --->   Core 37 'RAM' <Latency = 1> <II = 1> <Delay = 3.25> <Storage> <Opcode : 'load' 'store'> <Ports = 2> <Width = 8> <Depth = 15360> <RAM>
ST_13 : Operation 198 [1/1] (0.00ns)   --->   "%trunc_ln1503_14 = call i8 @_ssdm_op_PartSelect.i8.i24.i32.i32(i24 %tmp_data_V_7, i32 8, i32 15)" [../../../Users/fantwen/Desktop/jpeg_V2.cpp:167]   --->   Operation 198 'partselect' 'trunc_ln1503_14' <Predicate = true> <Delay = 0.00>
ST_13 : Operation 199 [1/1] (2.07ns)   --->   "%add_ln167_3 = add i16 1, %sub_ln166_7" [../../../Users/fantwen/Desktop/jpeg_V2.cpp:167]   --->   Operation 199 'add' 'add_ln167_3' <Predicate = true> <Delay = 2.07> <Core = "AddSub">   --->   Core 14 'AddSub' <Latency = 0> <II = 1> <Delay = 1.67> <FuncUnit> <Opcode : 'add' 'sub'> <InPorts = 2> <OutPorts = 1>
ST_13 : Operation 200 [1/1] (0.00ns)   --->   "%trunc_ln168_7 = trunc i24 %tmp_data_V_7 to i8" [../../../Users/fantwen/Desktop/jpeg_V2.cpp:168]   --->   Operation 200 'trunc' 'trunc_ln168_7' <Predicate = true> <Delay = 0.00>
ST_13 : Operation 201 [1/1] (2.07ns)   --->   "%add_ln168_5 = add i16 2, %sub_ln166_7" [../../../Users/fantwen/Desktop/jpeg_V2.cpp:168]   --->   Operation 201 'add' 'add_ln168_5' <Predicate = true> <Delay = 2.07> <Core = "AddSub">   --->   Core 14 'AddSub' <Latency = 0> <II = 1> <Delay = 1.67> <FuncUnit> <Opcode : 'add' 'sub'> <InPorts = 2> <OutPorts = 1>

State 14 <SV = 13> <Delay = 3.25>
ST_14 : Operation 202 [1/1] (0.00ns)   --->   "call void (...)* @_ssdm_op_SpecLoopName([3 x i8]* @p_str20) nounwind" [../../../Users/fantwen/Desktop/jpeg_V2.cpp:164]   --->   Operation 202 'specloopname' <Predicate = true> <Delay = 0.00>
ST_14 : Operation 203 [1/1] (0.00ns)   --->   "%sext_ln167_3 = sext i16 %add_ln167_3 to i32" [../../../Users/fantwen/Desktop/jpeg_V2.cpp:167]   --->   Operation 203 'sext' 'sext_ln167_3' <Predicate = true> <Delay = 0.00>
ST_14 : Operation 204 [1/1] (0.00ns)   --->   "%zext_ln167_7 = zext i32 %sext_ln167_3 to i64" [../../../Users/fantwen/Desktop/jpeg_V2.cpp:167]   --->   Operation 204 'zext' 'zext_ln167_7' <Predicate = true> <Delay = 0.00>
ST_14 : Operation 205 [1/1] (0.00ns)   --->   "%JpegEncoder_buffer_a_22 = getelementptr [15360 x i8]* %JpegEncoder_buffer, i64 0, i64 %zext_ln167_7" [../../../Users/fantwen/Desktop/jpeg_V2.cpp:167]   --->   Operation 205 'getelementptr' 'JpegEncoder_buffer_a_22' <Predicate = true> <Delay = 0.00>
ST_14 : Operation 206 [1/1] (3.25ns)   --->   "store i8 %trunc_ln1503_14, i8* %JpegEncoder_buffer_a_22, align 1" [../../../Users/fantwen/Desktop/jpeg_V2.cpp:167]   --->   Operation 206 'store' <Predicate = true> <Delay = 3.25> <Core = "RAM">   --->   Core 37 'RAM' <Latency = 1> <II = 1> <Delay = 3.25> <Storage> <Opcode : 'load' 'store'> <Ports = 2> <Width = 8> <Depth = 15360> <RAM>
ST_14 : Operation 207 [1/1] (0.00ns)   --->   "%sext_ln168_7 = sext i16 %add_ln168_5 to i32" [../../../Users/fantwen/Desktop/jpeg_V2.cpp:168]   --->   Operation 207 'sext' 'sext_ln168_7' <Predicate = true> <Delay = 0.00>
ST_14 : Operation 208 [1/1] (0.00ns)   --->   "%zext_ln168_7 = zext i32 %sext_ln168_7 to i64" [../../../Users/fantwen/Desktop/jpeg_V2.cpp:168]   --->   Operation 208 'zext' 'zext_ln168_7' <Predicate = true> <Delay = 0.00>
ST_14 : Operation 209 [1/1] (0.00ns)   --->   "%JpegEncoder_buffer_a_23 = getelementptr [15360 x i8]* %JpegEncoder_buffer, i64 0, i64 %zext_ln168_7" [../../../Users/fantwen/Desktop/jpeg_V2.cpp:168]   --->   Operation 209 'getelementptr' 'JpegEncoder_buffer_a_23' <Predicate = true> <Delay = 0.00>
ST_14 : Operation 210 [1/1] (3.25ns)   --->   "store i8 %trunc_ln168_7, i8* %JpegEncoder_buffer_a_23, align 1" [../../../Users/fantwen/Desktop/jpeg_V2.cpp:168]   --->   Operation 210 'store' <Predicate = true> <Delay = 3.25> <Core = "RAM">   --->   Core 37 'RAM' <Latency = 1> <II = 1> <Delay = 3.25> <Storage> <Opcode : 'load' 'store'> <Ports = 2> <Width = 8> <Depth = 15360> <RAM>
ST_14 : Operation 211 [1/1] (0.00ns)   --->   "br label %1" [../../../Users/fantwen/Desktop/jpeg_V2.cpp:163]   --->   Operation 211 'br' <Predicate = true> <Delay = 0.00>


============================================================
+ Verbose Summary: Timing violations
============================================================
Target clock period: 5ns, clock uncertainty: 0.625ns.

 <State 1>: 1.77ns
The critical path consists of the following:
	multiplexor before 'phi' operation ('i_0_0', ../../../Users/fantwen/Desktop/jpeg_V2.cpp:163) with incoming values : ('add_ln163', ../../../Users/fantwen/Desktop/jpeg_V2.cpp:163) [9]  (1.77 ns)

 <State 2>: 2.1ns
The critical path consists of the following:
	'phi' operation ('i_0_0', ../../../Users/fantwen/Desktop/jpeg_V2.cpp:163) with incoming values : ('add_ln163', ../../../Users/fantwen/Desktop/jpeg_V2.cpp:163) [9]  (0 ns)
	'icmp' operation ('icmp_ln163', ../../../Users/fantwen/Desktop/jpeg_V2.cpp:163) [12]  (2.1 ns)

 <State 3>: 3.25ns
The critical path consists of the following:
	axis read on port 'rgb_in_V_data_V' (../../../Users/fantwen/Desktop/jpeg_V2.cpp:165) [16]  (0 ns)
	'store' operation ('store_ln166', ../../../Users/fantwen/Desktop/jpeg_V2.cpp:166) of variable 'trunc_ln', ../../../Users/fantwen/Desktop/jpeg_V2.cpp:166 on array 'JpegEncoder_buffer' [25]  (3.25 ns)

 <State 4>: 3.25ns
The critical path consists of the following:
	'or' operation ('or_ln168', ../../../Users/fantwen/Desktop/jpeg_V2.cpp:168) [32]  (0 ns)
	'getelementptr' operation ('JpegEncoder_buffer_a_2', ../../../Users/fantwen/Desktop/jpeg_V2.cpp:168) [35]  (0 ns)
	'store' operation ('store_ln168', ../../../Users/fantwen/Desktop/jpeg_V2.cpp:168) of variable 'trunc_ln168', ../../../Users/fantwen/Desktop/jpeg_V2.cpp:168 on array 'JpegEncoder_buffer' [36]  (3.25 ns)

 <State 5>: 3.25ns
The critical path consists of the following:
	'getelementptr' operation ('JpegEncoder_buffer_a_4', ../../../Users/fantwen/Desktop/jpeg_V2.cpp:167) [53]  (0 ns)
	'store' operation ('store_ln167', ../../../Users/fantwen/Desktop/jpeg_V2.cpp:167) of variable 'trunc_ln1503_9', ../../../Users/fantwen/Desktop/jpeg_V2.cpp:167 on array 'JpegEncoder_buffer' [54]  (3.25 ns)

 <State 6>: 3.25ns
The critical path consists of the following:
	axis read on port 'rgb_in_V_data_V' (../../../Users/fantwen/Desktop/jpeg_V2.cpp:165) [63]  (0 ns)
	'store' operation ('store_ln166', ../../../Users/fantwen/Desktop/jpeg_V2.cpp:166) of variable 'trunc_ln1503_2', ../../../Users/fantwen/Desktop/jpeg_V2.cpp:166 on array 'JpegEncoder_buffer' [72]  (3.25 ns)

 <State 7>: 3.25ns
The critical path consists of the following:
	'getelementptr' operation ('JpegEncoder_buffer_a_8', ../../../Users/fantwen/Desktop/jpeg_V2.cpp:168) [82]  (0 ns)
	'store' operation ('store_ln168', ../../../Users/fantwen/Desktop/jpeg_V2.cpp:168) of variable 'trunc_ln168_2', ../../../Users/fantwen/Desktop/jpeg_V2.cpp:168 on array 'JpegEncoder_buffer' [83]  (3.25 ns)

 <State 8>: 3.25ns
The critical path consists of the following:
	'getelementptr' operation ('JpegEncoder_buffer_a_10', ../../../Users/fantwen/Desktop/jpeg_V2.cpp:167) [100]  (0 ns)
	'store' operation ('store_ln167', ../../../Users/fantwen/Desktop/jpeg_V2.cpp:167) of variable 'trunc_ln1503_10', ../../../Users/fantwen/Desktop/jpeg_V2.cpp:167 on array 'JpegEncoder_buffer' [101]  (3.25 ns)

 <State 9>: 3.25ns
The critical path consists of the following:
	axis read on port 'rgb_in_V_data_V' (../../../Users/fantwen/Desktop/jpeg_V2.cpp:165) [110]  (0 ns)
	'store' operation ('store_ln166', ../../../Users/fantwen/Desktop/jpeg_V2.cpp:166) of variable 'trunc_ln1503_4', ../../../Users/fantwen/Desktop/jpeg_V2.cpp:166 on array 'JpegEncoder_buffer' [119]  (3.25 ns)

 <State 10>: 3.25ns
The critical path consists of the following:
	'or' operation ('or_ln168_1', ../../../Users/fantwen/Desktop/jpeg_V2.cpp:168) [126]  (0 ns)
	'getelementptr' operation ('JpegEncoder_buffer_a_14', ../../../Users/fantwen/Desktop/jpeg_V2.cpp:168) [129]  (0 ns)
	'store' operation ('store_ln168', ../../../Users/fantwen/Desktop/jpeg_V2.cpp:168) of variable 'trunc_ln168_4', ../../../Users/fantwen/Desktop/jpeg_V2.cpp:168 on array 'JpegEncoder_buffer' [130]  (3.25 ns)

 <State 11>: 3.25ns
The critical path consists of the following:
	'getelementptr' operation ('JpegEncoder_buffer_a_16', ../../../Users/fantwen/Desktop/jpeg_V2.cpp:167) [147]  (0 ns)
	'store' operation ('store_ln167', ../../../Users/fantwen/Desktop/jpeg_V2.cpp:167) of variable 'trunc_ln1503_12', ../../../Users/fantwen/Desktop/jpeg_V2.cpp:167 on array 'JpegEncoder_buffer' [148]  (3.25 ns)

 <State 12>: 3.25ns
The critical path consists of the following:
	axis read on port 'rgb_in_V_data_V' (../../../Users/fantwen/Desktop/jpeg_V2.cpp:165) [157]  (0 ns)
	'store' operation ('store_ln166', ../../../Users/fantwen/Desktop/jpeg_V2.cpp:166) of variable 'trunc_ln1503_6', ../../../Users/fantwen/Desktop/jpeg_V2.cpp:166 on array 'JpegEncoder_buffer' [166]  (3.25 ns)

 <State 13>: 3.25ns
The critical path consists of the following:
	'getelementptr' operation ('JpegEncoder_buffer_a_20', ../../../Users/fantwen/Desktop/jpeg_V2.cpp:168) [176]  (0 ns)
	'store' operation ('store_ln168', ../../../Users/fantwen/Desktop/jpeg_V2.cpp:168) of variable 'trunc_ln168_6', ../../../Users/fantwen/Desktop/jpeg_V2.cpp:168 on array 'JpegEncoder_buffer' [177]  (3.25 ns)

 <State 14>: 3.25ns
The critical path consists of the following:
	'getelementptr' operation ('JpegEncoder_buffer_a_22', ../../../Users/fantwen/Desktop/jpeg_V2.cpp:167) [194]  (0 ns)
	'store' operation ('store_ln167', ../../../Users/fantwen/Desktop/jpeg_V2.cpp:167) of variable 'trunc_ln1503_14', ../../../Users/fantwen/Desktop/jpeg_V2.cpp:167 on array 'JpegEncoder_buffer' [195]  (3.25 ns)


============================================================
+ Verbose Summary: Binding
============================================================
N/A
* FSMD analyzer results:
  - Output states:
 - Input state : 
  - Chain level:
	State 1
	State 2
	State 3
	State 4
	State 5
	State 6
	State 7
	State 8
	State 9
	State 10
	State 11
	State 12
	State 13
	State 14


============================================================
+ Verbose Summary: Datapath Resource usage 
============================================================
N/A
