

================================================================
== Vivado HLS Report for 'p_doHuffmanEncoding'
================================================================
* Date:           Tue Nov 19 20:40:01 2019

* Version:        2019.1 (Build 2552052 on Fri May 24 15:28:33 MDT 2019)
* Project:        jpeg2
* Solution:       solution1
* Product family: zynq
* Target device:  xc7z020-clg400-1


================================================================
== Performance Estimates
================================================================
+ Timing (ns): 
    * Summary: 
    +--------+-------+----------+------------+
    |  Clock | Target| Estimated| Uncertainty|
    +--------+-------+----------+------------+
    |ap_clk  |   5.00|     4.371|        0.63|
    +--------+-------+----------+------------+

+ Latency (clock cycles): 
    * Summary: 
    +-----+-------+-----+-------+---------+
    |   Latency   |   Interval  | Pipeline|
    | min |  max  | min |  max  |   Type  |
    +-----+-------+-----+-------+---------+
    |   10|  14425|   10|  14425|   none  |
    +-----+-------+-----+-------+---------+

    + Detail: 
        * Instance: 
        N/A

        * Loop: 
        +----------+-----+-------+----------+-----------+-----------+--------+----------+
        |          |   Latency   | Iteration|  Initiation Interval  |  Trip  |          |
        | Loop Name| min |  max  |  Latency |  achieved |   target  |  Count | Pipelined|
        +----------+-----+-------+----------+-----------+-----------+--------+----------+
        |- bit1    |    0|     16|         1|          -|          -| 0 ~ 16 |    no    |
        |- huff2   |    0|  14272| 10 ~ 223 |          -|          -| 0 ~ 64 |    no    |
        | + huff3  |    2|    194|         3|          -|          -| 0 ~ 64 |    no    |
        | + huff4  |    1|      5|         1|          -|          -|  1 ~ 5 |    no    |
        | + bit1   |    0|     16|         1|          -|          -| 0 ~ 16 |    no    |
        +----------+-----+-------+----------+-----------+-----------+--------+----------+



================================================================
== Utilization Estimates
================================================================
* Summary: 
+-----------------+---------+-------+--------+-------+-----+
|       Name      | BRAM_18K| DSP48E|   FF   |  LUT  | URAM|
+-----------------+---------+-------+--------+-------+-----+
|DSP              |        -|      -|       -|      -|    -|
|Expression       |        -|      -|       0|    928|    -|
|FIFO             |        -|      -|       -|      -|    -|
|Instance         |        -|      -|     280|    252|    -|
|Memory           |        -|      -|       -|      -|    -|
|Multiplexer      |        -|      -|       -|   1590|    -|
|Register         |        -|      -|    1226|      -|    -|
+-----------------+---------+-------+--------+-------+-----+
|Total            |        0|      0|    1506|   2770|    0|
+-----------------+---------+-------+--------+-------+-----+
|Available        |      280|    220|  106400|  53200|    0|
+-----------------+---------+-------+--------+-------+-----+
|Utilization (%)  |        0|      0|       1|      5|    0|
+-----------------+---------+-------+--------+-------+-----+

+ Detail: 
    * Instance: 
    +---------------------------+----------------------+---------+-------+-----+-----+-----+
    |          Instance         |        Module        | BRAM_18K| DSP48E|  FF | LUT | URAM|
    +---------------------------+----------------------+---------+-------+-----+-----+-----+
    |jpeg2_shl_32ns_32CeG_U286  |jpeg2_shl_32ns_32CeG  |        0|      0|  140|  126|    0|
    |jpeg2_shl_32ns_32DeQ_U287  |jpeg2_shl_32ns_32DeQ  |        0|      0|  140|  126|    0|
    +---------------------------+----------------------+---------+-------+-----+-----+-----+
    |Total                      |                      |        0|      0|  280|  252|    0|
    +---------------------------+----------------------+---------+-------+-----+-----+-----+

    * DSP48E: 
    N/A

    * Memory: 
    N/A

    * FIFO: 
    N/A

    * Expression: 
    +------------------------------+----------+-------+---+----+------------+------------+
    |         Variable Name        | Operation| DSP48E| FF| LUT| Bitwidth P0| Bitwidth P1|
    +------------------------------+----------+-------+---+----+------------+------------+
    |add_ln371_1_fu_1680_p2        |     +    |      0|  0|  32|          32|          32|
    |add_ln371_2_fu_1935_p2        |     +    |      0|  0|  12|           2|          12|
    |add_ln371_3_fu_1943_p2        |     +    |      0|  0|  39|          32|          32|
    |add_ln371_fu_1675_p2          |     +    |      0|  0|  32|          32|           2|
    |add_ln409_fu_1812_p2          |     +    |      0|  0|  36|          29|          29|
    |add_ln411_fu_1827_p2          |     +    |      0|  0|  39|          32|           1|
    |i_2_fu_1929_p2                |     +    |      0|  0|  39|           1|          32|
    |i_fu_1772_p2                  |     +    |      0|  0|  39|          32|           1|
    |index_4_fu_1798_p2            |     +    |      0|  0|  39|          32|          32|
    |index_5_fu_1954_p2            |     +    |      0|  0|  39|           1|          32|
    |index_6_fu_1974_p2            |     +    |      0|  0|  39|           2|          32|
    |index_fu_1739_p2              |     +    |      0|  0|  39|          32|           1|
    |length_1_fu_1885_p2           |     +    |      0|  0|  39|          32|           1|
    |length_fu_1643_p2             |     +    |      0|  0|  39|          32|           1|
    |dcDiff_fu_1597_p2             |     -    |      0|  0|  24|          17|          17|
    |sub_ln365_1_fu_1857_p2        |     -    |      0|  0|  12|           1|          12|
    |sub_ln365_fu_1622_p2          |     -    |      0|  0|  23|           1|          16|
    |zeroCounts_fu_1778_p2         |     -    |      0|  0|  39|          32|          32|
    |grp_fu_1542_p2                |   icmp   |      0|  0|  13|          11|           1|
    |icmp_ln365_1_fu_1851_p2       |   icmp   |      0|  0|  13|          11|           1|
    |icmp_ln365_fu_1617_p2         |   icmp   |      0|  0|  18|          17|           1|
    |icmp_ln367_1_fu_1879_p2       |   icmp   |      0|  0|  18|          30|           1|
    |icmp_ln367_fu_1637_p2         |   icmp   |      0|  0|  18|          30|           1|
    |icmp_ln385_fu_1611_p2         |   icmp   |      0|  0|  13|          16|          16|
    |icmp_ln399_fu_1728_p2         |   icmp   |      0|  0|  18|          32|          32|
    |icmp_ln402_1_fu_1756_p2       |   icmp   |      0|  0|  18|          32|          32|
    |icmp_ln402_fu_1761_p2         |   icmp   |      0|  0|  13|          11|           1|
    |icmp_ln407_fu_1789_p2         |   icmp   |      0|  0|  18|          28|           1|
    |icmp_ln409_fu_1822_p2         |   icmp   |      0|  0|  18|          29|          29|
    |icmp_ln420_fu_1733_p2         |   icmp   |      0|  0|  11|           6|           2|
    |not_icmp_ln395_62_fu_1715_p2  |   icmp   |      0|  0|  13|          11|           1|
    |or_ln402_fu_1767_p2           |    or    |      0|  0|   2|           1|           1|
    |or_ln416_fu_1917_p2           |    or    |      0|  0|  32|          32|          32|
    |ret_value_1_fu_1948_p3        |  select  |      0|  0|  32|           1|          32|
    |ret_value_fu_1695_p3          |  select  |      0|  0|  32|           1|          32|
    |select_ln365_fu_1627_p3       |  select  |      0|  0|  16|           1|          16|
    |v_fu_1863_p3                  |  select  |      0|  0|  12|           1|          12|
    +------------------------------+----------+-------+---+----+------------+------------+
    |Total                         |          |      0|  0| 928|         675|         561|
    +------------------------------+----------+-------+---+----+------------+------------+

    * Multiplexer: 
    +---------------------------------+-----+-----------+-----+-----------+
    |               Name              | LUT | Input Size| Bits| Total Bits|
    +---------------------------------+-----+-----------+-----+-----------+
    |DU_address0                      |  297|         66|    6|        396|
    |HTAC_length_address0             |   15|          3|    8|         24|
    |HTAC_value_address0              |   15|          3|    8|         24|
    |HTDC_length_address0             |   15|          3|    4|         12|
    |HTDC_value_address0              |   15|          3|    4|         12|
    |ap_NS_fsm                        |  665|        150|    1|        150|
    |ap_return_0                      |    9|          2|   16|         32|
    |ap_return_1                      |    9|          2|   32|         64|
    |bitStringCounts_writ_reg_1532    |    9|          2|   32|         64|
    |endPos_0_lcssa_reg_1190          |  269|         63|    6|        378|
    |grp_fu_1548_p1                   |   15|          3|   32|         96|
    |i_1_reg_1468                     |    9|          2|   32|         64|
    |index_0_reg_1177                 |    9|          2|    2|          4|
    |index_1_reg_1446                 |    9|          2|   32|         64|
    |index_2_reg_1479                 |    9|          2|   32|         64|
    |index_3_reg_1489                 |    9|          2|   32|         64|
    |outputBitString_length_address0  |   38|          7|    7|         49|
    |outputBitString_length_d0        |   41|          8|   32|        256|
    |outputBitString_value_address0   |   38|          7|    7|         49|
    |outputBitString_value_d0         |   41|          8|   32|        256|
    |ret_length_1_reg_1519            |    9|          2|   32|         64|
    |ret_length_reg_1164              |    9|          2|   32|         64|
    |startPos_reg_1456                |    9|          2|   32|         64|
    |v_0_i4_reg_1510                  |    9|          2|   30|         60|
    |v_0_i_reg_1155                   |    9|          2|   30|         60|
    |zeroCounts_0_reg_1500            |    9|          2|   32|         64|
    +---------------------------------+-----+-----------+-----+-----------+
    |Total                            | 1590|        352|  545|       2498|
    +---------------------------------+-----+-----------+-----+-----------+

    * Register: 
    +-------------------------------+-----+----+-----+-----------+
    |              Name             |  FF | LUT| Bits| Const Bits|
    +-------------------------------+-----+----+-----+-----------+
    |EOB_length_reg_2041            |    5|   0|   32|         27|
    |EOB_value_reg_2046             |   16|   0|   32|         16|
    |HTAC_length_load_2_reg_2844    |    5|   0|    5|          0|
    |HTAC_value_load_2_reg_2849     |   16|   0|   16|          0|
    |SIXTEEN_ZEROS_length_reg_2051  |    5|   0|   32|         27|
    |SIXTEEN_ZEROS_value_reg_2056   |   16|   0|   32|         16|
    |add_ln371_1_reg_2130           |   32|   0|   32|          0|
    |add_ln371_2_reg_2839           |   12|   0|   12|          0|
    |add_ln409_reg_2773             |   29|   0|   29|          0|
    |ap_CS_fsm                      |  149|   0|  149|          0|
    |ap_return_0_preg               |   16|   0|   16|          0|
    |ap_return_1_preg               |   32|   0|   32|          0|
    |bitStringCounts_writ_reg_1532  |   32|   0|   32|          0|
    |dcDiff_reg_2066                |   17|   0|   17|          0|
    |endPos_0_lcssa_reg_1190        |    6|   0|    6|          0|
    |i_1_reg_1468                   |   32|   0|   32|          0|
    |i_2_reg_2829                   |   32|   0|   32|          0|
    |icmp_ln365_1_reg_2796          |    1|   0|    1|          0|
    |icmp_ln365_reg_2087            |    1|   0|    1|          0|
    |icmp_ln385_reg_2083            |    1|   0|    1|          0|
    |icmp_ln395_10_reg_2235         |    1|   0|    1|          0|
    |icmp_ln395_11_reg_2244         |    1|   0|    1|          0|
    |icmp_ln395_12_reg_2253         |    1|   0|    1|          0|
    |icmp_ln395_13_reg_2262         |    1|   0|    1|          0|
    |icmp_ln395_14_reg_2271         |    1|   0|    1|          0|
    |icmp_ln395_15_reg_2280         |    1|   0|    1|          0|
    |icmp_ln395_16_reg_2289         |    1|   0|    1|          0|
    |icmp_ln395_17_reg_2298         |    1|   0|    1|          0|
    |icmp_ln395_18_reg_2307         |    1|   0|    1|          0|
    |icmp_ln395_19_reg_2316         |    1|   0|    1|          0|
    |icmp_ln395_1_reg_2154          |    1|   0|    1|          0|
    |icmp_ln395_20_reg_2325         |    1|   0|    1|          0|
    |icmp_ln395_21_reg_2334         |    1|   0|    1|          0|
    |icmp_ln395_22_reg_2343         |    1|   0|    1|          0|
    |icmp_ln395_23_reg_2352         |    1|   0|    1|          0|
    |icmp_ln395_24_reg_2361         |    1|   0|    1|          0|
    |icmp_ln395_25_reg_2370         |    1|   0|    1|          0|
    |icmp_ln395_26_reg_2379         |    1|   0|    1|          0|
    |icmp_ln395_27_reg_2388         |    1|   0|    1|          0|
    |icmp_ln395_28_reg_2397         |    1|   0|    1|          0|
    |icmp_ln395_29_reg_2406         |    1|   0|    1|          0|
    |icmp_ln395_2_reg_2163          |    1|   0|    1|          0|
    |icmp_ln395_30_reg_2415         |    1|   0|    1|          0|
    |icmp_ln395_31_reg_2424         |    1|   0|    1|          0|
    |icmp_ln395_32_reg_2433         |    1|   0|    1|          0|
    |icmp_ln395_33_reg_2442         |    1|   0|    1|          0|
    |icmp_ln395_34_reg_2451         |    1|   0|    1|          0|
    |icmp_ln395_35_reg_2460         |    1|   0|    1|          0|
    |icmp_ln395_36_reg_2469         |    1|   0|    1|          0|
    |icmp_ln395_37_reg_2478         |    1|   0|    1|          0|
    |icmp_ln395_38_reg_2487         |    1|   0|    1|          0|
    |icmp_ln395_39_reg_2496         |    1|   0|    1|          0|
    |icmp_ln395_3_reg_2172          |    1|   0|    1|          0|
    |icmp_ln395_40_reg_2505         |    1|   0|    1|          0|
    |icmp_ln395_41_reg_2514         |    1|   0|    1|          0|
    |icmp_ln395_42_reg_2523         |    1|   0|    1|          0|
    |icmp_ln395_43_reg_2532         |    1|   0|    1|          0|
    |icmp_ln395_44_reg_2541         |    1|   0|    1|          0|
    |icmp_ln395_45_reg_2550         |    1|   0|    1|          0|
    |icmp_ln395_46_reg_2559         |    1|   0|    1|          0|
    |icmp_ln395_47_reg_2568         |    1|   0|    1|          0|
    |icmp_ln395_48_reg_2577         |    1|   0|    1|          0|
    |icmp_ln395_49_reg_2586         |    1|   0|    1|          0|
    |icmp_ln395_4_reg_2181          |    1|   0|    1|          0|
    |icmp_ln395_50_reg_2595         |    1|   0|    1|          0|
    |icmp_ln395_51_reg_2604         |    1|   0|    1|          0|
    |icmp_ln395_52_reg_2613         |    1|   0|    1|          0|
    |icmp_ln395_53_reg_2622         |    1|   0|    1|          0|
    |icmp_ln395_54_reg_2631         |    1|   0|    1|          0|
    |icmp_ln395_55_reg_2640         |    1|   0|    1|          0|
    |icmp_ln395_56_reg_2649         |    1|   0|    1|          0|
    |icmp_ln395_57_reg_2658         |    1|   0|    1|          0|
    |icmp_ln395_58_reg_2667         |    1|   0|    1|          0|
    |icmp_ln395_59_reg_2676         |    1|   0|    1|          0|
    |icmp_ln395_5_reg_2190          |    1|   0|    1|          0|
    |icmp_ln395_60_reg_2685         |    1|   0|    1|          0|
    |icmp_ln395_61_reg_2694         |    1|   0|    1|          0|
    |icmp_ln395_6_reg_2199          |    1|   0|    1|          0|
    |icmp_ln395_7_reg_2208          |    1|   0|    1|          0|
    |icmp_ln395_8_reg_2217          |    1|   0|    1|          0|
    |icmp_ln395_9_reg_2226          |    1|   0|    1|          0|
    |icmp_ln395_reg_2140            |    1|   0|    1|          0|
    |icmp_ln402_1_reg_2735          |    1|   0|    1|          0|
    |icmp_ln407_reg_2764            |    1|   0|    1|          0|
    |index_0_reg_1177               |    2|   0|    2|          0|
    |index_1_reg_1446               |   32|   0|   32|          0|
    |index_2_reg_1479               |   32|   0|   32|          0|
    |index_3_reg_1489               |   32|   0|   32|          0|
    |index_4_reg_2768               |   32|   0|   32|          0|
    |index_5_reg_2859               |   32|   0|   32|          0|
    |index_6_reg_2864               |   32|   0|   32|          0|
    |not_icmp_ln395_62_reg_2703     |    1|   0|    1|          0|
    |reg_1557                       |   11|   0|   11|          0|
    |reg_1561                       |    5|   0|    5|          0|
    |reg_1565                       |   16|   0|   16|          0|
    |ret_length_1_reg_1519          |   32|   0|   32|          0|
    |ret_length_reg_1164            |   32|   0|   32|          0|
    |ret_value_1_reg_2854           |   32|   0|   32|          0|
    |select_ln365_reg_2092          |   16|   0|   16|          0|
    |sext_ln383_3_reg_2077          |   32|   0|   32|          0|
    |sext_ln383_reg_2061            |   16|   0|   16|          0|
    |sext_ln415_cast21_ca_reg_2791  |   12|   0|   12|          0|
    |sext_ln415_reg_2786            |   32|   0|   32|          0|
    |shl_ln371_1_reg_2834           |   32|   0|   32|          0|
    |shl_ln371_reg_2125             |   32|   0|   32|          0|
    |startPos_reg_1456              |   32|   0|   32|          0|
    |tmp_137_reg_2759               |   28|   0|   28|          0|
    |trunc_ln383_reg_2071           |   16|   0|   16|          0|
    |v_0_i4_reg_1510                |   30|   0|   30|          0|
    |v_0_i_reg_1155                 |   30|   0|   30|          0|
    |zeroCounts_0_reg_1500          |   32|   0|   32|          0|
    |zeroCounts_1_reg_2754          |    4|   0|    4|          0|
    |zeroCounts_reg_2748            |   32|   0|   32|          0|
    |zext_ln395_reg_2144            |    2|   0|   32|         30|
    |zext_ln399_reg_2713            |    6|   0|   32|         26|
    +-------------------------------+-----+----+-----+-----------+
    |Total                          | 1226|   0| 1368|        142|
    +-------------------------------+-----+----+-----+-----------+



================================================================
== Interface
================================================================
* Summary: 
+---------------------------------+-----+-----+------------+------------------------+--------------+
|            RTL Ports            | Dir | Bits|  Protocol  |      Source Object     |    C Type    |
+---------------------------------+-----+-----+------------+------------------------+--------------+
|ap_clk                           |  in |    1| ap_ctrl_hs |   _doHuffmanEncoding   | return value |
|ap_rst                           |  in |    1| ap_ctrl_hs |   _doHuffmanEncoding   | return value |
|ap_start                         |  in |    1| ap_ctrl_hs |   _doHuffmanEncoding   | return value |
|ap_done                          | out |    1| ap_ctrl_hs |   _doHuffmanEncoding   | return value |
|ap_idle                          | out |    1| ap_ctrl_hs |   _doHuffmanEncoding   | return value |
|ap_ready                         | out |    1| ap_ctrl_hs |   _doHuffmanEncoding   | return value |
|ap_return_0                      | out |   16| ap_ctrl_hs |   _doHuffmanEncoding   | return value |
|ap_return_1                      | out |   32| ap_ctrl_hs |   _doHuffmanEncoding   | return value |
|DU_address0                      | out |    6|  ap_memory |           DU           |     array    |
|DU_ce0                           | out |    1|  ap_memory |           DU           |     array    |
|DU_q0                            |  in |   11|  ap_memory |           DU           |     array    |
|prevDC_read                      |  in |   16|   ap_none  |       prevDC_read      |    scalar    |
|HTDC_length_address0             | out |    4|  ap_memory |       HTDC_length      |     array    |
|HTDC_length_ce0                  | out |    1|  ap_memory |       HTDC_length      |     array    |
|HTDC_length_q0                   |  in |    5|  ap_memory |       HTDC_length      |     array    |
|HTDC_value_address0              | out |    4|  ap_memory |       HTDC_value       |     array    |
|HTDC_value_ce0                   | out |    1|  ap_memory |       HTDC_value       |     array    |
|HTDC_value_q0                    |  in |   16|  ap_memory |       HTDC_value       |     array    |
|HTAC_length_address0             | out |    8|  ap_memory |       HTAC_length      |     array    |
|HTAC_length_ce0                  | out |    1|  ap_memory |       HTAC_length      |     array    |
|HTAC_length_q0                   |  in |    5|  ap_memory |       HTAC_length      |     array    |
|HTAC_length_address1             | out |    8|  ap_memory |       HTAC_length      |     array    |
|HTAC_length_ce1                  | out |    1|  ap_memory |       HTAC_length      |     array    |
|HTAC_length_q1                   |  in |    5|  ap_memory |       HTAC_length      |     array    |
|HTAC_value_address0              | out |    8|  ap_memory |       HTAC_value       |     array    |
|HTAC_value_ce0                   | out |    1|  ap_memory |       HTAC_value       |     array    |
|HTAC_value_q0                    |  in |   16|  ap_memory |       HTAC_value       |     array    |
|HTAC_value_address1              | out |    8|  ap_memory |       HTAC_value       |     array    |
|HTAC_value_ce1                   | out |    1|  ap_memory |       HTAC_value       |     array    |
|HTAC_value_q1                    |  in |   16|  ap_memory |       HTAC_value       |     array    |
|outputBitString_length_address0  | out |    7|  ap_memory | outputBitString_length |     array    |
|outputBitString_length_ce0       | out |    1|  ap_memory | outputBitString_length |     array    |
|outputBitString_length_we0       | out |    1|  ap_memory | outputBitString_length |     array    |
|outputBitString_length_d0        | out |   32|  ap_memory | outputBitString_length |     array    |
|outputBitString_value_address0   | out |    7|  ap_memory |  outputBitString_value |     array    |
|outputBitString_value_ce0        | out |    1|  ap_memory |  outputBitString_value |     array    |
|outputBitString_value_we0        | out |    1|  ap_memory |  outputBitString_value |     array    |
|outputBitString_value_d0         | out |   32|  ap_memory |  outputBitString_value |     array    |
+---------------------------------+-----+-----+------------+------------------------+--------------+

