

================================================================
== Vivado HLS Report for 'p_write_16bytes_s'
================================================================
* Date:           Tue Nov 19 20:39:45 2019

* Version:        2019.1 (Build 2552052 on Fri May 24 15:28:33 MDT 2019)
* Project:        jpeg2
* Solution:       solution1
* Product family: zynq
* Target device:  xc7z020-clg400-1


================================================================
== Performance Estimates
================================================================
+ Timing (ns): 
    * Summary: 
    +--------+-------+----------+------------+
    |  Clock | Target| Estimated| Uncertainty|
    +--------+-------+----------+------------+
    |ap_clk  |   5.00|     2.322|        0.63|
    +--------+-------+----------+------------+

+ Latency (clock cycles): 
    * Summary: 
    +-----+-----+-----+-----+---------+
    |  Latency  |  Interval | Pipeline|
    | min | max | min | max |   Type  |
    +-----+-----+-----+-----+---------+
    |   33|   33|   33|   33|   none  |
    +-----+-----+-----+-----+---------+

    + Detail: 
        * Instance: 
        N/A

        * Loop: 
        +----------+-----+-----+----------+-----------+-----------+------+----------+
        |          |  Latency  | Iteration|  Initiation Interval  | Trip |          |
        | Loop Name| min | max |  Latency |  achieved |   target  | Count| Pipelined|
        +----------+-----+-----+----------+-----------+-----------+------+----------+
        |- Loop 1  |   32|   32|         2|          -|          -|    16|    no    |
        +----------+-----+-----+----------+-----------+-----------+------+----------+



================================================================
== Utilization Estimates
================================================================
* Summary: 
+-----------------+---------+-------+--------+-------+-----+
|       Name      | BRAM_18K| DSP48E|   FF   |  LUT  | URAM|
+-----------------+---------+-------+--------+-------+-----+
|DSP              |        -|      -|       -|      -|    -|
|Expression       |        -|      -|       0|     26|    -|
|FIFO             |        -|      -|       -|      -|    -|
|Instance         |        -|      -|       -|      -|    -|
|Memory           |        -|      -|       -|      -|    -|
|Multiplexer      |        -|      -|       -|     39|    -|
|Register         |        -|      -|      13|      -|    -|
+-----------------+---------+-------+--------+-------+-----+
|Total            |        0|      0|      13|     65|    0|
+-----------------+---------+-------+--------+-------+-----+
|Available        |      280|    220|  106400|  53200|    0|
+-----------------+---------+-------+--------+-------+-----+
|Utilization (%)  |        0|      0|   ~0   |   ~0  |    0|
+-----------------+---------+-------+--------+-------+-----+

+ Detail: 
    * Instance: 
    N/A

    * DSP48E: 
    N/A

    * Memory: 
    N/A

    * FIFO: 
    N/A

    * Expression: 
    +---------------------+----------+-------+---+----+------------+------------+
    |    Variable Name    | Operation| DSP48E| FF| LUT| Bitwidth P0| Bitwidth P1|
    +---------------------+----------+-------+---+----+------------+------------+
    |i_fu_88_p2           |     +    |      0|  0|  15|           5|           1|
    |icmp_ln545_fu_82_p2  |   icmp   |      0|  0|  11|           5|           6|
    +---------------------+----------+-------+---+----+------------+------------+
    |Total                |          |      0|  0|  26|          10|           7|
    +---------------------+----------+-------+---+----+------------+------------+

    * Multiplexer: 
    +----------------------+----+-----------+-----+-----------+
    |         Name         | LUT| Input Size| Bits| Total Bits|
    +----------------------+----+-----------+-----+-----------+
    |ap_NS_fsm             |  21|          4|    1|          4|
    |i_0_reg_71            |   9|          2|    5|         10|
    |jpeg_out_TDATA_blk_n  |   9|          2|    1|          2|
    +----------------------+----+-----------+-----+-----------+
    |Total                 |  39|          8|    7|         16|
    +----------------------+----+-----------+-----+-----------+

    * Register: 
    +------------+---+----+-----+-----------+
    |    Name    | FF| LUT| Bits| Const Bits|
    +------------+---+----+-----+-----------+
    |ap_CS_fsm   |  3|   0|    3|          0|
    |i_0_reg_71  |  5|   0|    5|          0|
    |i_reg_102   |  5|   0|    5|          0|
    +------------+---+----+-----+-----------+
    |Total       | 13|   0|   13|          0|
    +------------+---+----+-----+-----------+



================================================================
== Interface
================================================================
* Summary: 
+-----------------+-----+-----+------------+-------------------+--------------+
|    RTL Ports    | Dir | Bits|  Protocol  |   Source Object   |    C Type    |
+-----------------+-----+-----+------------+-------------------+--------------+
|ap_clk           |  in |    1| ap_ctrl_hs |  _write_16bytes_  | return value |
|ap_rst           |  in |    1| ap_ctrl_hs |  _write_16bytes_  | return value |
|ap_start         |  in |    1| ap_ctrl_hs |  _write_16bytes_  | return value |
|ap_done          | out |    1| ap_ctrl_hs |  _write_16bytes_  | return value |
|ap_idle          | out |    1| ap_ctrl_hs |  _write_16bytes_  | return value |
|ap_ready         | out |    1| ap_ctrl_hs |  _write_16bytes_  | return value |
|p_address0       | out |    4|  ap_memory |         p         |     array    |
|p_ce0            | out |    1|  ap_memory |         p         |     array    |
|p_q0             |  in |    8|  ap_memory |         p         |     array    |
|jpeg_out_TDATA   | out |    8|    axis    | jpeg_out_V_data_V |    pointer   |
|jpeg_out_TREADY  |  in |    1|    axis    | jpeg_out_V_data_V |    pointer   |
|jpeg_out_TVALID  | out |    1|    axis    | jpeg_out_V_last_V |    pointer   |
|jpeg_out_TLAST   | out |    1|    axis    | jpeg_out_V_last_V |    pointer   |
|jpeg_out_TKEEP   | out |    1|    axis    | jpeg_out_V_keep_V |    pointer   |
|jpeg_out_TSTRB   | out |    1|    axis    | jpeg_out_V_strb_V |    pointer   |
+-----------------+-----+-----+------------+-------------------+--------------+

