

================================================================
== Vivado HLS Report for 'p_write_jpeg_header'
================================================================
* Date:           Tue Nov 19 20:39:46 2019

* Version:        2019.1 (Build 2552052 on Fri May 24 15:28:33 MDT 2019)
* Project:        jpeg2
* Solution:       solution1
* Product family: zynq
* Target device:  xc7z020-clg400-1


================================================================
== Performance Estimates
================================================================
+ Timing (ns): 
    * Summary: 
    +--------+-------+----------+------------+
    |  Clock | Target| Estimated| Uncertainty|
    +--------+-------+----------+------------+
    |ap_clk  |   5.00|     3.360|        0.63|
    +--------+-------+----------+------------+

+ Latency (clock cycles): 
    * Summary: 
    +------+------+------+------+---------+
    |   Latency   |   Interval  | Pipeline|
    |  min |  max |  min |  max |   Type  |
    +------+------+------+------+---------+
    |  1199|  1199|  1199|  1199|   none  |
    +------+------+------+------+---------+

    + Detail: 
        * Instance: 
        +------------------------------+--------------------+-----+-----+-----+-----+----------+
        |                              |                    |  Latency  |  Interval | Pipeline |
        |           Instance           |       Module       | min | max | min | max |   Type   |
        +------------------------------+--------------------+-----+-----+-----+-----+----------+
        |grp_p_write_162bytes_s_fu_98  |p_write_162bytes_s  |  325|  325|  325|  325|   none   |
        |grp_p_write_64bytes_s_fu_113  |p_write_64bytes_s   |  129|  129|  129|  129|   none   |
        |grp_p_write_16bytes_s_fu_128  |p_write_16bytes_s   |   33|   33|   33|   33|   none   |
        |grp_p_write_12bytes_s_fu_145  |p_write_12bytes_s   |   25|   25|   25|   25|   none   |
        |grp_p_write_5bytes_s_fu_160   |p_write_5bytes_s    |   11|   11|   11|   11|   none   |
        |grp_p_write_word_s_fu_174     |p_write_word_s      |    1|    1|    1|    1|   none   |
        |grp_p_write_byte_s_fu_205     |p_write_byte_s      |    0|    0|    1|    1| function |
        +------------------------------+--------------------+-----+-----+-----+-----+----------+

        * Loop: 
        N/A



================================================================
== Utilization Estimates
================================================================
* Summary: 
+-----------------+---------+-------+--------+-------+-----+
|       Name      | BRAM_18K| DSP48E|   FF   |  LUT  | URAM|
+-----------------+---------+-------+--------+-------+-----+
|DSP              |        -|      -|       -|      -|    -|
|Expression       |        -|      -|       0|     14|    -|
|FIFO             |        -|      -|       -|      -|    -|
|Instance         |        0|      -|      79|    365|    -|
|Memory           |        2|      -|      96|     12|    0|
|Multiplexer      |        -|      -|       -|    888|    -|
|Register         |        -|      -|      98|      -|    -|
+-----------------+---------+-------+--------+-------+-----+
|Total            |        2|      0|     273|   1279|    0|
+-----------------+---------+-------+--------+-------+-----+
|Available        |      280|    220|  106400|  53200|    0|
+-----------------+---------+-------+--------+-------+-----+
|Utilization (%)  |    ~0   |      0|   ~0   |      2|    0|
+-----------------+---------+-------+--------+-------+-----+

+ Detail: 
    * Instance: 
    +------------------------------+--------------------+---------+-------+----+----+-----+
    |           Instance           |       Module       | BRAM_18K| DSP48E| FF | LUT| URAM|
    +------------------------------+--------------------+---------+-------+----+----+-----+
    |grp_p_write_12bytes_s_fu_145  |p_write_12bytes_s   |        0|      0|  11|  61|    0|
    |grp_p_write_162bytes_s_fu_98  |p_write_162bytes_s  |        0|      0|  19|  65|    0|
    |grp_p_write_16bytes_s_fu_128  |p_write_16bytes_s   |        0|      0|  13|  65|    0|
    |grp_p_write_5bytes_s_fu_160   |p_write_5bytes_s    |        0|      0|  16|  61|    0|
    |grp_p_write_64bytes_s_fu_113  |p_write_64bytes_s   |        0|      0|  17|  65|    0|
    |grp_p_write_byte_s_fu_205     |p_write_byte_s      |        0|      0|   1|   9|    0|
    |grp_p_write_word_s_fu_174     |p_write_word_s      |        0|      0|   2|  39|    0|
    +------------------------------+--------------------+---------+-------+----+----+-----+
    |Total                         |                    |        0|      0|  79| 365|    0|
    +------------------------------+--------------------+---------+-------+----+----+-----+

    * DSP48E: 
    N/A

    * Memory: 
    +----------------------------+----------------------+---------+----+----+-----+------+-----+------+-------------+
    |           Memory           |        Module        | BRAM_18K| FF | LUT| URAM| Words| Bits| Banks| W*Bits*Banks|
    +----------------------------+----------------------+---------+----+----+-----+------+-----+------+-------------+
    |p_anonymous_namespace_5_U   |p_write_jpeg_headcud  |        0|  16|   2|    0|    16|    8|     1|          128|
    |p_anonymous_namespace_U     |p_write_jpeg_headdEe  |        0|  16|   2|    0|    12|    8|     1|           96|
    |p_anonymous_namespace_10_U  |p_write_jpeg_headeOg  |        0|  16|   2|    0|    16|    8|     1|          128|
    |p_anonymous_namespace_1_U   |p_write_jpeg_headfYi  |        1|   0|   0|    0|   162|    8|     1|         1296|
    |p_anonymous_namespace_3_U   |p_write_jpeg_headg8j  |        0|  16|   2|    0|    16|    8|     1|          128|
    |p_anonymous_namespace_4_U   |p_write_jpeg_headhbi  |        0|  16|   2|    0|    12|    8|     1|           96|
    |p_anonymous_namespace_8_U   |p_write_jpeg_headibs  |        0|  16|   2|    0|    16|    8|     1|          128|
    |p_anonymous_namespace_9_U   |p_write_jpeg_headjbC  |        1|   0|   0|    0|   162|    8|     1|         1296|
    +----------------------------+----------------------+---------+----+----+-----+------+-----+------+-------------+
    |Total                       |                      |        2|  96|  12|    0|   412|   64|     8|         3296|
    +----------------------------+----------------------+---------+----+----+-----+------+-----+------+-------------+

    * FIFO: 
    N/A

    * Expression: 
    +----------------------------------------------+----------+-------+---+----+------------+------------+
    |                 Variable Name                | Operation| DSP48E| FF| LUT| Bitwidth P0| Bitwidth P1|
    +----------------------------------------------+----------+-------+---+----+------------+------------+
    |grp_p_write_5bytes_s_fu_160_jpeg_out_TREADY   |    and   |      0|  0|   2|           1|           1|
    |grp_p_write_12bytes_s_fu_145_jpeg_out_TREADY  |    or    |      0|  0|   2|           1|           1|
    |grp_p_write_162bytes_s_fu_98_jpeg_out_TREADY  |    or    |      0|  0|   2|           1|           1|
    |grp_p_write_16bytes_s_fu_128_jpeg_out_TREADY  |    or    |      0|  0|   2|           1|           1|
    |grp_p_write_64bytes_s_fu_113_jpeg_out_TREADY  |    or    |      0|  0|   2|           1|           1|
    |grp_p_write_byte_s_fu_205_jpeg_out_TREADY     |    or    |      0|  0|   2|           1|           1|
    |grp_p_write_word_s_fu_174_jpeg_out_TREADY     |    or    |      0|  0|   2|           1|           1|
    +----------------------------------------------+----------+-------+---+----+------------+------------+
    |Total                                         |          |      0|  0|  14|           7|           7|
    +----------------------------------------------+----------+-------+---+----+------------+------------+

    * Multiplexer: 
    +-----------------------------------+-----+-----------+-----+-----------+
    |                Name               | LUT | Input Size| Bits| Total Bits|
    +-----------------------------------+-----+-----------+-----+-----------+
    |JpegEncoder_m_CbCrTable_ce0        |    9|          2|    1|          2|
    |JpegEncoder_m_YTable_ce0           |    9|          2|    1|          2|
    |ap_NS_fsm                          |  373|         85|    1|         85|
    |ap_return                          |    9|          2|    8|         16|
    |grp_p_write_12bytes_s_fu_145_p_q0  |   15|          3|    8|         24|
    |grp_p_write_162bytes_s_fu_98_p_q0  |   15|          3|    8|         24|
    |grp_p_write_16bytes_s_fu_128_p_q0  |   27|          5|    8|         40|
    |grp_p_write_64bytes_s_fu_113_p_q0  |   15|          3|    8|         24|
    |grp_p_write_byte_s_fu_205_value_r  |   44|          9|    8|         72|
    |grp_p_write_word_s_fu_174_inf      |   27|          5|    3|         15|
    |grp_p_write_word_s_fu_174_sec      |   59|         14|    8|        112|
    |jpeg_out_TDATA                     |   41|          8|    8|         64|
    |jpeg_out_TDATA_blk_n               |    9|          2|    1|          2|
    |jpeg_out_TKEEP                     |   41|          8|    1|          8|
    |jpeg_out_TLAST                     |   41|          8|    1|          8|
    |jpeg_out_TSTRB                     |   41|          8|    1|          8|
    |jpeg_out_TVALID                    |   41|          8|    1|          8|
    |p_anonymous_namespace_10_ce0       |    9|          2|    1|          2|
    |p_anonymous_namespace_1_ce0        |    9|          2|    1|          2|
    |p_anonymous_namespace_3_ce0        |    9|          2|    1|          2|
    |p_anonymous_namespace_4_ce0        |    9|          2|    1|          2|
    |p_anonymous_namespace_5_ce0        |    9|          2|    1|          2|
    |p_anonymous_namespace_8_ce0        |    9|          2|    1|          2|
    |p_anonymous_namespace_9_ce0        |    9|          2|    1|          2|
    |p_anonymous_namespace_ce0          |    9|          2|    1|          2|
    +-----------------------------------+-----+-----------+-----+-----------+
    |Total                              |  888|        191|   83|        530|
    +-----------------------------------+-----+-----------+-----+-----------+

    * Register: 
    +-------------------------------------------+----+----+-----+-----------+
    |                    Name                   | FF | LUT| Bits| Const Bits|
    +-------------------------------------------+----+----+-----+-----------+
    |ap_CS_fsm                                  |  84|   0|   84|          0|
    |ap_return_preg                             |   8|   0|    8|          0|
    |grp_p_write_12bytes_s_fu_145_ap_start_reg  |   1|   0|    1|          0|
    |grp_p_write_162bytes_s_fu_98_ap_start_reg  |   1|   0|    1|          0|
    |grp_p_write_16bytes_s_fu_128_ap_start_reg  |   1|   0|    1|          0|
    |grp_p_write_5bytes_s_fu_160_ap_start_reg   |   1|   0|    1|          0|
    |grp_p_write_64bytes_s_fu_113_ap_start_reg  |   1|   0|    1|          0|
    |grp_p_write_word_s_fu_174_ap_start_reg     |   1|   0|    1|          0|
    +-------------------------------------------+----+----+-----+-----------+
    |Total                                      |  98|   0|   98|          0|
    +-------------------------------------------+----+----+-----+-----------+



================================================================
== Interface
================================================================
* Summary: 
+----------------------------------+-----+-----+------------+-------------------------+--------------+
|             RTL Ports            | Dir | Bits|  Protocol  |      Source Object      |    C Type    |
+----------------------------------+-----+-----+------------+-------------------------+--------------+
|ap_clk                            |  in |    1| ap_ctrl_hs |    _write_jpeg_header   | return value |
|ap_rst                            |  in |    1| ap_ctrl_hs |    _write_jpeg_header   | return value |
|ap_start                          |  in |    1| ap_ctrl_hs |    _write_jpeg_header   | return value |
|ap_done                           | out |    1| ap_ctrl_hs |    _write_jpeg_header   | return value |
|ap_idle                           | out |    1| ap_ctrl_hs |    _write_jpeg_header   | return value |
|ap_ready                          | out |    1| ap_ctrl_hs |    _write_jpeg_header   | return value |
|ap_return                         | out |    8| ap_ctrl_hs |    _write_jpeg_header   | return value |
|JpegEncoder_m_YTable_address0     | out |    6|  ap_memory |   JpegEncoder_m_YTable  |     array    |
|JpegEncoder_m_YTable_ce0          | out |    1|  ap_memory |   JpegEncoder_m_YTable  |     array    |
|JpegEncoder_m_YTable_q0           |  in |    8|  ap_memory |   JpegEncoder_m_YTable  |     array    |
|JpegEncoder_m_CbCrTable_address0  | out |    6|  ap_memory | JpegEncoder_m_CbCrTable |     array    |
|JpegEncoder_m_CbCrTable_ce0       | out |    1|  ap_memory | JpegEncoder_m_CbCrTable |     array    |
|JpegEncoder_m_CbCrTable_q0        |  in |    8|  ap_memory | JpegEncoder_m_CbCrTable |     array    |
|jpeg_out_TDATA                    | out |    8|    axis    |    jpeg_out_V_data_V    |    pointer   |
|jpeg_out_TVALID                   | out |    1|    axis    |    jpeg_out_V_last_V    |    pointer   |
|jpeg_out_TREADY                   |  in |    1|    axis    |    jpeg_out_V_last_V    |    pointer   |
|jpeg_out_TLAST                    | out |    1|    axis    |    jpeg_out_V_last_V    |    pointer   |
|jpeg_out_TKEEP                    | out |    1|    axis    |    jpeg_out_V_keep_V    |    pointer   |
|jpeg_out_TSTRB                    | out |    1|    axis    |    jpeg_out_V_strb_V    |    pointer   |
+----------------------------------+-----+-----+------------+-------------------------+--------------+

