

================================================================
== Vivado HLS Report for 'p_write_word_s'
================================================================
* Date:           Tue Nov 19 20:39:44 2019

* Version:        2019.1 (Build 2552052 on Fri May 24 15:28:33 MDT 2019)
* Project:        jpeg2
* Solution:       solution1
* Product family: zynq
* Target device:  xc7z020-clg400-1


================================================================
== Performance Estimates
================================================================
+ Timing (ns): 
    * Summary: 
    +--------+-------+----------+------------+
    |  Clock | Target| Estimated| Uncertainty|
    +--------+-------+----------+------------+
    |ap_clk  |   5.00|     0.000|        0.63|
    +--------+-------+----------+------------+

+ Latency (clock cycles): 
    * Summary: 
    +-----+-----+-----+-----+---------+
    |  Latency  |  Interval | Pipeline|
    | min | max | min | max |   Type  |
    +-----+-----+-----+-----+---------+
    |    1|    1|    1|    1|   none  |
    +-----+-----+-----+-----+---------+

    + Detail: 
        * Instance: 
        N/A

        * Loop: 
        N/A



================================================================
== Utilization Estimates
================================================================
* Summary: 
+-----------------+---------+-------+--------+-------+-----+
|       Name      | BRAM_18K| DSP48E|   FF   |  LUT  | URAM|
+-----------------+---------+-------+--------+-------+-----+
|DSP              |        -|      -|       -|      -|    -|
|Expression       |        -|      -|       -|      -|    -|
|FIFO             |        -|      -|       -|      -|    -|
|Instance         |        -|      -|       -|      -|    -|
|Memory           |        -|      -|       -|      -|    -|
|Multiplexer      |        -|      -|       -|     39|    -|
|Register         |        -|      -|       2|      -|    -|
+-----------------+---------+-------+--------+-------+-----+
|Total            |        0|      0|       2|     39|    0|
+-----------------+---------+-------+--------+-------+-----+
|Available        |      280|    220|  106400|  53200|    0|
+-----------------+---------+-------+--------+-------+-----+
|Utilization (%)  |        0|      0|   ~0   |   ~0  |    0|
+-----------------+---------+-------+--------+-------+-----+

+ Detail: 
    * Instance: 
    N/A

    * DSP48E: 
    N/A

    * Memory: 
    N/A

    * FIFO: 
    N/A

    * Expression: 
    N/A

    * Multiplexer: 
    +----------------------+----+-----------+-----+-----------+
    |         Name         | LUT| Input Size| Bits| Total Bits|
    +----------------------+----+-----------+-----+-----------+
    |ap_NS_fsm             |  15|          3|    1|          3|
    |jpeg_out_TDATA        |  15|          3|    8|         24|
    |jpeg_out_TDATA_blk_n  |   9|          2|    1|          2|
    +----------------------+----+-----------+-----+-----------+
    |Total                 |  39|          8|   10|         29|
    +----------------------+----+-----------+-----+-----------+

    * Register: 
    +-----------+---+----+-----+-----------+
    |    Name   | FF| LUT| Bits| Const Bits|
    +-----------+---+----+-----+-----------+
    |ap_CS_fsm  |  2|   0|    2|          0|
    +-----------+---+----+-----+-----------+
    |Total      |  2|   0|    2|          0|
    +-----------+---+----+-----+-----------+



================================================================
== Interface
================================================================
* Summary: 
+-----------------+-----+-----+------------+-------------------+--------------+
|    RTL Ports    | Dir | Bits|  Protocol  |   Source Object   |    C Type    |
+-----------------+-----+-----+------------+-------------------+--------------+
|ap_clk           |  in |    1| ap_ctrl_hs |    _write_word_   | return value |
|ap_rst           |  in |    1| ap_ctrl_hs |    _write_word_   | return value |
|ap_start         |  in |    1| ap_ctrl_hs |    _write_word_   | return value |
|ap_done          | out |    1| ap_ctrl_hs |    _write_word_   | return value |
|ap_idle          | out |    1| ap_ctrl_hs |    _write_word_   | return value |
|ap_ready         | out |    1| ap_ctrl_hs |    _write_word_   | return value |
|inf              |  in |    3|   ap_none  |        inf        |    scalar    |
|sec              |  in |    8|   ap_none  |        sec        |    scalar    |
|jpeg_out_TDATA   | out |    8|    axis    | jpeg_out_V_data_V |    pointer   |
|jpeg_out_TREADY  |  in |    1|    axis    | jpeg_out_V_data_V |    pointer   |
|jpeg_out_TVALID  | out |    1|    axis    | jpeg_out_V_last_V |    pointer   |
|jpeg_out_TLAST   | out |    1|    axis    | jpeg_out_V_last_V |    pointer   |
|jpeg_out_TKEEP   | out |    1|    axis    | jpeg_out_V_keep_V |    pointer   |
|jpeg_out_TSTRB   | out |    1|    axis    | jpeg_out_V_strb_V |    pointer   |
+-----------------+-----+-----+------------+-------------------+--------------+

