

================================================================
== Vivado HLS Report for 'p_write_5bytes_s'
================================================================
* Date:           Tue Nov 19 20:39:45 2019

* Version:        2019.1 (Build 2552052 on Fri May 24 15:28:33 MDT 2019)
* Project:        jpeg2
* Solution:       solution1
* Product family: zynq
* Target device:  xc7z020-clg400-1


================================================================
== Performance Estimates
================================================================
+ Timing (ns): 
    * Summary: 
    +--------+-------+----------+------------+
    |  Clock | Target| Estimated| Uncertainty|
    +--------+-------+----------+------------+
    |ap_clk  |   5.00|     3.254|        0.63|
    +--------+-------+----------+------------+

+ Latency (clock cycles): 
    * Summary: 
    +-----+-----+-----+-----+---------+
    |  Latency  |  Interval | Pipeline|
    | min | max | min | max |   Type  |
    +-----+-----+-----+-----+---------+
    |   11|   11|   11|   11|   none  |
    +-----+-----+-----+-----+---------+

    + Detail: 
        * Instance: 
        N/A

        * Loop: 
        +----------+-----+-----+----------+-----------+-----------+------+----------+
        |          |  Latency  | Iteration|  Initiation Interval  | Trip |          |
        | Loop Name| min | max |  Latency |  achieved |   target  | Count| Pipelined|
        +----------+-----+-----+----------+-----------+-----------+------+----------+
        |- Loop 1  |   10|   10|         2|          -|          -|     5|    no    |
        +----------+-----+-----+----------+-----------+-----------+------+----------+



================================================================
== Utilization Estimates
================================================================
* Summary: 
+-----------------+---------+-------+--------+-------+-----+
|       Name      | BRAM_18K| DSP48E|   FF   |  LUT  | URAM|
+-----------------+---------+-------+--------+-------+-----+
|DSP              |        -|      -|       -|      -|    -|
|Expression       |        -|      -|       0|     21|    -|
|FIFO             |        -|      -|       -|      -|    -|
|Instance         |        -|      -|       -|      -|    -|
|Memory           |        0|      -|       7|      1|    -|
|Multiplexer      |        -|      -|       -|     39|    -|
|Register         |        -|      -|       9|      -|    -|
+-----------------+---------+-------+--------+-------+-----+
|Total            |        0|      0|      16|     61|    0|
+-----------------+---------+-------+--------+-------+-----+
|Available        |      280|    220|  106400|  53200|    0|
+-----------------+---------+-------+--------+-------+-----+
|Utilization (%)  |        0|      0|   ~0   |   ~0  |    0|
+-----------------+---------+-------+--------+-------+-----+

+ Detail: 
    * Instance: 
    N/A

    * DSP48E: 
    N/A

    * Memory: 
    +---------+----------------------+---------+---+----+-----+------+-----+------+-------------+
    |  Memory |        Module        | BRAM_18K| FF| LUT| URAM| Words| Bits| Banks| W*Bits*Banks|
    +---------+----------------------+---------+---+----+-----+------+-----+------+-------------+
    |JFIF0_U  |p_write_5bytes_s_bkb  |        0|  7|   1|    0|     5|    7|     1|           35|
    +---------+----------------------+---------+---+----+-----+------+-----+------+-------------+
    |Total    |                      |        0|  7|   1|    0|     5|    7|     1|           35|
    +---------+----------------------+---------+---+----+-----+------+-----+------+-------------+

    * FIFO: 
    N/A

    * Expression: 
    +---------------------+----------+-------+---+----+------------+------------+
    |    Variable Name    | Operation| DSP48E| FF| LUT| Bitwidth P0| Bitwidth P1|
    +---------------------+----------+-------+---+----+------------+------------+
    |i_fu_87_p2           |     +    |      0|  0|  12|           3|           1|
    |icmp_ln572_fu_81_p2  |   icmp   |      0|  0|   9|           3|           3|
    +---------------------+----------+-------+---+----+------------+------------+
    |Total                |          |      0|  0|  21|           6|           4|
    +---------------------+----------+-------+---+----+------------+------------+

    * Multiplexer: 
    +----------------------+----+-----------+-----+-----------+
    |         Name         | LUT| Input Size| Bits| Total Bits|
    +----------------------+----+-----------+-----+-----------+
    |ap_NS_fsm             |  21|          4|    1|          4|
    |i_0_reg_70            |   9|          2|    3|          6|
    |jpeg_out_TDATA_blk_n  |   9|          2|    1|          2|
    +----------------------+----+-----------+-----+-----------+
    |Total                 |  39|          8|    5|         12|
    +----------------------+----+-----------+-----+-----------+

    * Register: 
    +------------+---+----+-----+-----------+
    |    Name    | FF| LUT| Bits| Const Bits|
    +------------+---+----+-----+-----------+
    |ap_CS_fsm   |  3|   0|    3|          0|
    |i_0_reg_70  |  3|   0|    3|          0|
    |i_reg_106   |  3|   0|    3|          0|
    +------------+---+----+-----+-----------+
    |Total       |  9|   0|    9|          0|
    +------------+---+----+-----+-----------+



================================================================
== Interface
================================================================
* Summary: 
+-----------------+-----+-----+------------+-------------------+--------------+
|    RTL Ports    | Dir | Bits|  Protocol  |   Source Object   |    C Type    |
+-----------------+-----+-----+------------+-------------------+--------------+
|ap_clk           |  in |    1| ap_ctrl_hs |   _write_5bytes_  | return value |
|ap_rst           |  in |    1| ap_ctrl_hs |   _write_5bytes_  | return value |
|ap_start         |  in |    1| ap_ctrl_hs |   _write_5bytes_  | return value |
|ap_done          | out |    1| ap_ctrl_hs |   _write_5bytes_  | return value |
|ap_idle          | out |    1| ap_ctrl_hs |   _write_5bytes_  | return value |
|ap_ready         | out |    1| ap_ctrl_hs |   _write_5bytes_  | return value |
|jpeg_out_TDATA   | out |    8|    axis    | jpeg_out_V_data_V |    pointer   |
|jpeg_out_TREADY  |  in |    1|    axis    | jpeg_out_V_data_V |    pointer   |
|jpeg_out_TVALID  | out |    1|    axis    | jpeg_out_V_last_V |    pointer   |
|jpeg_out_TLAST   | out |    1|    axis    | jpeg_out_V_last_V |    pointer   |
|jpeg_out_TKEEP   | out |    1|    axis    | jpeg_out_V_keep_V |    pointer   |
|jpeg_out_TSTRB   | out |    1|    axis    | jpeg_out_V_strb_V |    pointer   |
+-----------------+-----+-----+------------+-------------------+--------------+

